{"/home/travis/build/npmtest/node-npmtest-react-virtualized/test.js":{"path":"/home/travis/build/npmtest/node-npmtest-react-virtualized/test.js","s":{"1":2,"2":2,"3":2,"4":2,"5":2,"6":2,"7":2,"8":1,"9":2,"10":2,"11":1,"12":1,"13":1,"14":1,"15":2,"16":2,"17":2,"18":2,"19":1,"20":1,"21":2,"22":2,"23":2,"24":1,"25":1,"26":1,"27":1,"28":1,"29":1,"30":1,"31":1,"32":1,"33":1,"34":1,"35":1,"36":1,"37":1,"38":1,"39":2,"40":2,"41":1,"42":2,"43":2,"44":1,"45":2,"46":2,"47":1,"48":2,"49":2,"50":1,"51":1,"52":1,"53":1,"54":1},"b":{"1":[2,1,1,1],"2":[1,1,1,1],"3":[1,1],"4":[1,1],"5":[1,1],"6":[1,1],"7":[1,1],"8":[1,1],"9":[1,1],"10":[1,1,1],"11":[1,1],"12":[1,1],"13":[1,1],"14":[1,1],"15":[1,1],"16":[1,1],"17":[1,1]},"f":{"1":2,"2":2,"3":2,"4":2,"5":2,"6":1,"7":1,"8":1,"9":2,"10":2,"11":2,"12":2,"13":1},"fnMap":{"1":{"name":"(anonymous_1)","line":12,"loc":{"start":{"line":12,"column":1},"end":{"line":12,"column":13}}},"2":{"name":"(anonymous_2)","line":19,"loc":{"start":{"line":19,"column":5},"end":{"line":19,"column":17}}},"3":{"name":"(anonymous_3)","line":23,"loc":{"start":{"line":23,"column":24},"end":{"line":23,"column":36}}},"4":{"name":"(anonymous_4)","line":61,"loc":{"start":{"line":61,"column":5},"end":{"line":61,"column":17}}},"5":{"name":"(anonymous_5)","line":82,"loc":{"start":{"line":82,"column":5},"end":{"line":82,"column":17}}},"6":{"name":"(anonymous_6)","line":91,"loc":{"start":{"line":91,"column":77},"end":{"line":94,"column":10}}},"7":{"name":"(anonymous_7)","line":112,"loc":{"start":{"line":112,"column":83},"end":{"line":115,"column":10}},"skip":true},"8":{"name":"(anonymous_8)","line":123,"loc":{"start":{"line":123,"column":77},"end":{"line":126,"column":10}},"skip":true},"9":{"name":"(anonymous_9)","line":139,"loc":{"start":{"line":139,"column":12},"end":{"line":139,"column":40}},"skip":true},"10":{"name":"(anonymous_10)","line":147,"loc":{"start":{"line":147,"column":77},"end":{"line":150,"column":10}},"skip":true},"11":{"name":"(anonymous_11)","line":158,"loc":{"start":{"line":158,"column":83},"end":{"line":161,"column":10}},"skip":true},"12":{"name":"(anonymous_12)","line":169,"loc":{"start":{"line":169,"column":79},"end":{"line":172,"column":10}},"skip":true},"13":{"name":"(anonymous_13)","line":180,"loc":{"start":{"line":180,"column":75},"end":{"line":183,"column":10}},"skip":true}},"statementMap":{"1":{"start":{"line":12,"column":0},"end":{"line":195,"column":5}},"2":{"start":{"line":14,"column":4},"end":{"line":14,"column":14}},"3":{"start":{"line":19,"column":4},"end":{"line":56,"column":9}},"4":{"start":{"line":21,"column":8},"end":{"line":21,"column":19}},"5":{"start":{"line":23,"column":8},"end":{"line":35,"column":13}},"6":{"start":{"line":24,"column":12},"end":{"line":34,"column":13}},"7":{"start":{"line":25,"column":16},"end":{"line":28,"column":30}},"8":{"start":{"line":30,"column":16},"end":{"line":33,"column":27}},"9":{"start":{"line":37,"column":8},"end":{"line":39,"column":21}},"10":{"start":{"line":40,"column":8},"end":{"line":53,"column":9}},"11":{"start":{"line":43,"column":12},"end":{"line":46,"column":14}},"12":{"start":{"line":47,"column":12},"end":{"line":47,"column":18}},"13":{"start":{"line":50,"column":12},"end":{"line":51,"column":46}},"14":{"start":{"line":52,"column":12},"end":{"line":52,"column":18}},"15":{"start":{"line":55,"column":8},"end":{"line":55,"column":35}},"16":{"start":{"line":61,"column":4},"end":{"line":63,"column":9}},"17":{"start":{"line":62,"column":8},"end":{"line":62,"column":15}},"18":{"start":{"line":64,"column":4},"end":{"line":77,"column":5}},"19":{"start":{"line":70,"column":8},"end":{"line":70,"column":14}},"20":{"start":{"line":76,"column":8},"end":{"line":76,"column":14}},"21":{"start":{"line":82,"column":4},"end":{"line":84,"column":9}},"22":{"start":{"line":83,"column":8},"end":{"line":83,"column":15}},"23":{"start":{"line":85,"column":4},"end":{"line":194,"column":5}},"24":{"start":{"line":91,"column":8},"end":{"line":99,"column":10}},"25":{"start":{"line":98,"column":12},"end":{"line":98,"column":35}},"26":{"start":{"line":102,"column":8},"end":{"line":104,"column":63}},"27":{"start":{"line":105,"column":8},"end":{"line":105,"column":14}},"28":{"start":{"line":112,"column":8},"end":{"line":121,"column":10},"skip":true},"29":{"start":{"line":119,"column":12},"end":{"line":119,"column":55},"skip":true},"30":{"start":{"line":120,"column":12},"end":{"line":120,"column":48},"skip":true},"31":{"start":{"line":123,"column":8},"end":{"line":136,"column":10},"skip":true},"32":{"start":{"line":130,"column":12},"end":{"line":130,"column":76},"skip":true},"33":{"start":{"line":131,"column":12},"end":{"line":131,"column":73},"skip":true},"34":{"start":{"line":132,"column":12},"end":{"line":132,"column":74},"skip":true},"35":{"start":{"line":133,"column":12},"end":{"line":133,"column":79},"skip":true},"36":{"start":{"line":134,"column":12},"end":{"line":134,"column":25},"skip":true},"37":{"start":{"line":135,"column":12},"end":{"line":135,"column":45},"skip":true},"38":{"start":{"line":138,"column":8},"end":{"line":145,"column":14},"skip":true},"39":{"start":{"line":143,"column":16},"end":{"line":143,"column":29},"skip":true},"40":{"start":{"line":144,"column":16},"end":{"line":144,"column":55},"skip":true},"41":{"start":{"line":147,"column":8},"end":{"line":156,"column":10},"skip":true},"42":{"start":{"line":154,"column":12},"end":{"line":154,"column":25},"skip":true},"43":{"start":{"line":155,"column":12},"end":{"line":155,"column":45},"skip":true},"44":{"start":{"line":158,"column":8},"end":{"line":167,"column":10},"skip":true},"45":{"start":{"line":165,"column":12},"end":{"line":165,"column":25},"skip":true},"46":{"start":{"line":166,"column":12},"end":{"line":166,"column":48},"skip":true},"47":{"start":{"line":169,"column":8},"end":{"line":178,"column":10},"skip":true},"48":{"start":{"line":176,"column":12},"end":{"line":176,"column":25},"skip":true},"49":{"start":{"line":177,"column":12},"end":{"line":177,"column":46},"skip":true},"50":{"start":{"line":180,"column":8},"end":{"line":189,"column":10},"skip":true},"51":{"start":{"line":187,"column":12},"end":{"line":187,"column":94},"skip":true},"52":{"start":{"line":188,"column":12},"end":{"line":188,"column":48},"skip":true},"53":{"start":{"line":192,"column":8},"end":{"line":192,"column":35},"skip":true},"54":{"start":{"line":193,"column":8},"end":{"line":193,"column":14},"skip":true}},"branchMap":{"1":{"line":25,"type":"binary-expr","locations":[{"start":{"line":25,"column":23},"end":{"line":25,"column":62}},{"start":{"line":26,"column":20},"end":{"line":26,"column":70}},{"start":{"line":27,"column":20},"end":{"line":27,"column":71}},{"start":{"line":28,"column":20},"end":{"line":28,"column":29}}]},"2":{"line":30,"type":"binary-expr","locations":[{"start":{"line":30,"column":23},"end":{"line":30,"column":37}},{"start":{"line":31,"column":20},"end":{"line":31,"column":61}},{"start":{"line":32,"column":20},"end":{"line":32,"column":70}},{"start":{"line":33,"column":20},"end":{"line":33,"column":26}}]},"3":{"line":37,"type":"cond-expr","locations":[{"start":{"line":38,"column":14},"end":{"line":38,"column":20}},{"start":{"line":39,"column":14},"end":{"line":39,"column":20}}]},"4":{"line":40,"type":"switch","locations":[{"start":{"line":42,"column":8},"end":{"line":47,"column":18}},{"start":{"line":49,"column":8},"end":{"line":52,"column":18}}]},"5":{"line":44,"type":"binary-expr","locations":[{"start":{"line":44,"column":16},"end":{"line":44,"column":44}},{"start":{"line":44,"column":48},"end":{"line":44,"column":66}}]},"6":{"line":50,"type":"binary-expr","locations":[{"start":{"line":50,"column":21},"end":{"line":50,"column":49}},{"start":{"line":50,"column":53},"end":{"line":50,"column":72}}]},"7":{"line":64,"type":"switch","locations":[{"start":{"line":69,"column":4},"end":{"line":70,"column":14}},{"start":{"line":75,"column":4},"end":{"line":76,"column":14}}]},"8":{"line":85,"type":"switch","locations":[{"start":{"line":90,"column":4},"end":{"line":105,"column":14}},{"start":{"line":111,"column":4},"end":{"line":193,"column":14},"skip":true}]},"9":{"line":91,"type":"binary-expr","locations":[{"start":{"line":91,"column":42},"end":{"line":91,"column":73}},{"start":{"line":91,"column":77},"end":{"line":99,"column":9}}]},"10":{"line":102,"type":"binary-expr","locations":[{"start":{"line":102,"column":18},"end":{"line":102,"column":32}},{"start":{"line":103,"column":12},"end":{"line":103,"column":53}},{"start":{"line":104,"column":12},"end":{"line":104,"column":61}}]},"11":{"line":112,"type":"binary-expr","locations":[{"start":{"line":112,"column":45},"end":{"line":112,"column":79},"skip":true},{"start":{"line":112,"column":83},"end":{"line":121,"column":9},"skip":true}]},"12":{"line":123,"type":"binary-expr","locations":[{"start":{"line":123,"column":42},"end":{"line":123,"column":73},"skip":true},{"start":{"line":123,"column":77},"end":{"line":136,"column":9},"skip":true}]},"13":{"line":138,"type":"binary-expr","locations":[{"start":{"line":138,"column":48},"end":{"line":138,"column":85},"skip":true},{"start":{"line":139,"column":12},"end":{"line":145,"column":13},"skip":true}]},"14":{"line":147,"type":"binary-expr","locations":[{"start":{"line":147,"column":42},"end":{"line":147,"column":73},"skip":true},{"start":{"line":147,"column":77},"end":{"line":156,"column":9},"skip":true}]},"15":{"line":158,"type":"binary-expr","locations":[{"start":{"line":158,"column":45},"end":{"line":158,"column":79},"skip":true},{"start":{"line":158,"column":83},"end":{"line":167,"column":9},"skip":true}]},"16":{"line":169,"type":"binary-expr","locations":[{"start":{"line":169,"column":43},"end":{"line":169,"column":75},"skip":true},{"start":{"line":169,"column":79},"end":{"line":178,"column":9},"skip":true}]},"17":{"line":180,"type":"binary-expr","locations":[{"start":{"line":180,"column":41},"end":{"line":180,"column":71},"skip":true},{"start":{"line":180,"column":75},"end":{"line":189,"column":9},"skip":true}]}},"code":["/* istanbul instrument in package npmtest_react_virtualized */","/*jslint","    bitwise: true,","    browser: true,","    maxerr: 8,","    maxlen: 96,","    node: true,","    nomen: true,","    regexp: true,","    stupid: true","*/","(function () {","    'use strict';","    var local;","","","","    // run shared js-env code - pre-init","    (function () {","        // init local","        local = {};","        // init modeJs","        local.modeJs = (function () {","            try {","                return typeof navigator.userAgent === 'string' &&","                    typeof document.querySelector('body') === 'object' &&","                    typeof XMLHttpRequest.prototype.open === 'function' &&","                    'browser';","            } catch (errorCaughtBrowser) {","                return module.exports &&","                    typeof process.versions.node === 'string' &&","                    typeof require('http').createServer === 'function' &&","                    'node';","            }","        }());","        // init global","        local.global = local.modeJs === 'browser'","            ? window","            : global;","        switch (local.modeJs) {","        // re-init local from window.local","        case 'browser':","            local = local.global.utility2.objectSetDefault(","                local.global.utility2_rollup || local.global.local,","                local.global.utility2","            );","            break;","        // re-init local from example.js","        case 'node':","            local = (local.global.utility2_rollup || require('utility2'))","                .requireExampleJsFromReadme();","            break;","        }","        // export local","        local.global.local = local;","    }());","","","","    // run shared js-env code - function","    (function () {","        return;","    }());","    switch (local.modeJs) {","","","","    // run browser js-env code - function","    case 'browser':","        break;","","","","    // run node js-env code - function","    case 'node':","        break;","    }","","","","    // run shared js-env code - post-init","    (function () {","        return;","    }());","    switch (local.modeJs) {","","","","    // run browser js-env code - post-init","    case 'browser':","        local.testCase_browser_nullCase = local.testCase_browser_nullCase || function (","            options,","            onError","        ) {","        /*","         * this function will test browsers's null-case handling-behavior-behavior","         */","            onError(null, options);","        };","","        // run tests","        local.nop(local.modeTest &&","            document.querySelector('#testRunButton1') &&","            document.querySelector('#testRunButton1').click());","        break;","","","","    // run node js-env code - post-init","    /* istanbul ignore next */","    case 'node':","        local.testCase_buildApidoc_default = local.testCase_buildApidoc_default || function (","            options,","            onError","        ) {","        /*","         * this function will test buildApidoc's default handling-behavior-behavior","         */","            options = { modulePathList: module.paths };","            local.buildApidoc(options, onError);","        };","","        local.testCase_buildApp_default = local.testCase_buildApp_default || function (","            options,","            onError","        ) {","        /*","         * this function will test buildApp's default handling-behavior-behavior","         */","            local.testCase_buildReadme_default(options, local.onErrorThrow);","            local.testCase_buildLib_default(options, local.onErrorThrow);","            local.testCase_buildTest_default(options, local.onErrorThrow);","            local.testCase_buildCustomOrg_default(options, local.onErrorThrow);","            options = [];","            local.buildApp(options, onError);","        };","","        local.testCase_buildCustomOrg_default = local.testCase_buildCustomOrg_default ||","            function (options, onError) {","            /*","             * this function will test buildCustomOrg's default handling-behavior","             */","                options = {};","                local.buildCustomOrg(options, onError);","            };","","        local.testCase_buildLib_default = local.testCase_buildLib_default || function (","            options,","            onError","        ) {","        /*","         * this function will test buildLib's default handling-behavior","         */","            options = {};","            local.buildLib(options, onError);","        };","","        local.testCase_buildReadme_default = local.testCase_buildReadme_default || function (","            options,","            onError","        ) {","        /*","         * this function will test buildReadme's default handling-behavior-behavior","         */","            options = {};","            local.buildReadme(options, onError);","        };","","        local.testCase_buildTest_default = local.testCase_buildTest_default || function (","            options,","            onError","        ) {","        /*","         * this function will test buildTest's default handling-behavior","         */","            options = {};","            local.buildTest(options, onError);","        };","","        local.testCase_webpage_default = local.testCase_webpage_default || function (","            options,","            onError","        ) {","        /*","         * this function will test webpage's default handling-behavior","         */","            options = { modeCoverageMerge: true, url: local.serverLocalHost + '?modeTest=1' };","            local.browserTest(options, onError);","        };","","        // run test-server","        local.testRunServer(local);","        break;","    }","}());",""],"l":{"12":2,"14":2,"19":2,"21":2,"23":2,"24":2,"25":2,"30":1,"37":2,"40":2,"43":1,"47":1,"50":1,"52":1,"55":2,"61":2,"62":2,"64":2,"70":1,"76":1,"82":2,"83":2,"85":2,"91":1,"98":1,"102":1,"105":1,"112":1,"119":1,"120":1,"123":1,"130":1,"131":1,"132":1,"133":1,"134":1,"135":1,"138":1,"143":2,"144":2,"147":1,"154":2,"155":2,"158":1,"165":2,"166":2,"169":1,"176":2,"177":2,"180":1,"187":1,"188":1,"192":1,"193":1}},"/home/travis/build/npmtest/node-npmtest-react-virtualized/lib.npmtest_react_virtualized.js":{"path":"/home/travis/build/npmtest/node-npmtest-react-virtualized/lib.npmtest_react_virtualized.js","s":{"1":2,"2":2,"3":2,"4":2,"5":2,"6":2,"7":2,"8":1,"9":2,"10":2,"11":2,"12":2,"13":1,"14":1,"15":1,"16":1},"b":{"1":[2,1,1,1],"2":[1,1,1,1],"3":[1,1],"4":[2,2],"5":[1,1]},"f":{"1":2,"2":2,"3":2},"fnMap":{"1":{"name":"(anonymous_1)","line":12,"loc":{"start":{"line":12,"column":1},"end":{"line":12,"column":13}}},"2":{"name":"(anonymous_2)","line":19,"loc":{"start":{"line":19,"column":5},"end":{"line":19,"column":17}}},"3":{"name":"(anonymous_3)","line":23,"loc":{"start":{"line":23,"column":24},"end":{"line":23,"column":36}}}},"statementMap":{"1":{"start":{"line":12,"column":0},"end":{"line":53,"column":5}},"2":{"start":{"line":14,"column":4},"end":{"line":14,"column":14}},"3":{"start":{"line":19,"column":4},"end":{"line":52,"column":9}},"4":{"start":{"line":21,"column":8},"end":{"line":21,"column":19}},"5":{"start":{"line":23,"column":8},"end":{"line":35,"column":13}},"6":{"start":{"line":24,"column":12},"end":{"line":34,"column":13}},"7":{"start":{"line":25,"column":16},"end":{"line":28,"column":30}},"8":{"start":{"line":30,"column":16},"end":{"line":33,"column":27}},"9":{"start":{"line":37,"column":8},"end":{"line":39,"column":21}},"10":{"start":{"line":41,"column":8},"end":{"line":41,"column":54}},"11":{"start":{"line":43,"column":8},"end":{"line":43,"column":62}},"12":{"start":{"line":45,"column":8},"end":{"line":51,"column":9}},"13":{"start":{"line":46,"column":12},"end":{"line":46,"column":68}},"14":{"start":{"line":48,"column":12},"end":{"line":48,"column":35}},"15":{"start":{"line":49,"column":12},"end":{"line":49,"column":49}},"16":{"start":{"line":50,"column":12},"end":{"line":50,"column":43}}},"branchMap":{"1":{"line":25,"type":"binary-expr","locations":[{"start":{"line":25,"column":23},"end":{"line":25,"column":62}},{"start":{"line":26,"column":20},"end":{"line":26,"column":70}},{"start":{"line":27,"column":20},"end":{"line":27,"column":71}},{"start":{"line":28,"column":20},"end":{"line":28,"column":29}}]},"2":{"line":30,"type":"binary-expr","locations":[{"start":{"line":30,"column":23},"end":{"line":30,"column":37}},{"start":{"line":31,"column":20},"end":{"line":31,"column":61}},{"start":{"line":32,"column":20},"end":{"line":32,"column":70}},{"start":{"line":33,"column":20},"end":{"line":33,"column":26}}]},"3":{"line":37,"type":"cond-expr","locations":[{"start":{"line":38,"column":14},"end":{"line":38,"column":20}},{"start":{"line":39,"column":14},"end":{"line":39,"column":20}}]},"4":{"line":41,"type":"binary-expr","locations":[{"start":{"line":41,"column":16},"end":{"line":41,"column":44}},{"start":{"line":41,"column":48},"end":{"line":41,"column":53}}]},"5":{"line":45,"type":"if","locations":[{"start":{"line":45,"column":8},"end":{"line":45,"column":8}},{"start":{"line":45,"column":8},"end":{"line":45,"column":8}}]}},"code":["/* istanbul instrument in package npmtest_react_virtualized */","/*jslint","    bitwise: true,","    browser: true,","    maxerr: 8,","    maxlen: 96,","    node: true,","    nomen: true,","    regexp: true,","    stupid: true","*/","(function () {","    'use strict';","    var local;","","","","    // run shared js-env code - pre-init","    (function () {","        // init local","        local = {};","        // init modeJs","        local.modeJs = (function () {","            try {","                return typeof navigator.userAgent === 'string' &&","                    typeof document.querySelector('body') === 'object' &&","                    typeof XMLHttpRequest.prototype.open === 'function' &&","                    'browser';","            } catch (errorCaughtBrowser) {","                return module.exports &&","                    typeof process.versions.node === 'string' &&","                    typeof require('http').createServer === 'function' &&","                    'node';","            }","        }());","        // init global","        local.global = local.modeJs === 'browser'","            ? window","            : global;","        // init utility2_rollup","        local = local.global.utility2_rollup || local;","        // init lib","        local.local = local.npmtest_react_virtualized = local;","        // init exports","        if (local.modeJs === 'browser') {","            local.global.utility2_npmtest_react_virtualized = local;","        } else {","            module.exports = local;","            module.exports.__dirname = __dirname;","            module.exports.module = module;","        }","    }());","}());",""],"l":{"12":2,"14":2,"19":2,"21":2,"23":2,"24":2,"25":2,"30":1,"37":2,"41":2,"43":2,"45":2,"46":1,"48":1,"49":1,"50":1}},"/home/travis/build/npmtest/node-npmtest-react-virtualized/example.js":{"path":"/home/travis/build/npmtest/node-npmtest-react-virtualized/example.js","s":{"1":2,"2":2,"3":2,"4":2,"5":2,"6":2,"7":2,"8":1,"9":2,"10":2,"11":2,"12":2,"13":1,"14":2,"15":2,"16":2,"17":2,"18":2,"19":0,"20":2,"21":1,"22":1,"23":1,"24":1,"25":1,"26":0,"27":0,"28":1,"29":1,"30":2,"31":0,"32":0,"33":0,"34":1,"35":2,"36":2,"37":3,"38":3,"39":3,"40":3,"41":0,"42":3,"43":3,"44":3,"45":1,"46":3,"47":1,"48":1,"49":1,"50":1,"51":1,"52":1,"53":1,"54":1,"55":1,"56":1,"57":0,"58":1,"59":6,"60":6,"61":1,"62":2,"63":0,"64":2,"65":1,"66":1,"67":0,"68":0,"69":0,"70":0,"71":0,"72":0,"73":0,"74":0,"75":0,"76":0,"77":0,"78":0,"79":0,"80":0,"81":0,"82":0,"83":0},"b":{"1":[2,1,1,1],"2":[1,1,1,1],"3":[1,1],"4":[2,2],"5":[1,1],"6":[1,1],"7":[2,0],"8":[2,1,1,1,1,1],"9":[0,2,0],"10":[1,1],"11":[2,1,1],"12":[1,0],"13":[0,2],"14":[2,0,0,0,0,0,0],"15":[0,3],"16":[3,0],"17":[1,1],"18":[0,1],"19":[1,2,0,2],"20":[1,0],"21":[1,1],"22":[0,0],"23":[0,0],"24":[0,0],"25":[0,0],"26":[0,0],"27":[0,0],"28":[0,0]},"f":{"1":2,"2":2,"3":2,"4":2,"5":2,"6":2,"7":3,"8":3,"9":3,"10":1,"11":6,"12":0},"fnMap":{"1":{"name":"(anonymous_1)","line":26,"loc":{"start":{"line":26,"column":1},"end":{"line":26,"column":13}}},"2":{"name":"(anonymous_2)","line":33,"loc":{"start":{"line":33,"column":5},"end":{"line":33,"column":17}}},"3":{"name":"(anonymous_3)","line":37,"loc":{"start":{"line":37,"column":24},"end":{"line":37,"column":36}}},"4":{"name":"(anonymous_4)","line":69,"loc":{"start":{"line":69,"column":31},"end":{"line":69,"column":48}},"skip":true},"5":{"name":"(anonymous_5)","line":78,"loc":{"start":{"line":78,"column":26},"end":{"line":78,"column":45}},"skip":true},"6":{"name":"(anonymous_6)","line":123,"loc":{"start":{"line":123,"column":33},"end":{"line":123,"column":48}},"skip":true},"7":{"name":"(anonymous_7)","line":125,"loc":{"start":{"line":125,"column":27},"end":{"line":125,"column":39}},"skip":true},"8":{"name":"(anonymous_8)","line":133,"loc":{"start":{"line":133,"column":59},"end":{"line":133,"column":74}},"skip":true},"9":{"name":"(anonymous_9)","line":143,"loc":{"start":{"line":143,"column":45},"end":{"line":143,"column":62}},"skip":true},"10":{"name":"(anonymous_10)","line":144,"loc":{"start":{"line":144,"column":73},"end":{"line":144,"column":92}},"skip":true},"11":{"name":"(anonymous_11)","line":272,"loc":{"start":{"line":272,"column":51},"end":{"line":272,"column":77}},"skip":true},"12":{"name":"(anonymous_12)","line":315,"loc":{"start":{"line":315,"column":32},"end":{"line":315,"column":61}},"skip":true}},"statementMap":{"1":{"start":{"line":26,"column":0},"end":{"line":326,"column":5}},"2":{"start":{"line":28,"column":4},"end":{"line":28,"column":14}},"3":{"start":{"line":33,"column":4},"end":{"line":60,"column":9}},"4":{"start":{"line":35,"column":8},"end":{"line":35,"column":19}},"5":{"start":{"line":37,"column":8},"end":{"line":49,"column":13}},"6":{"start":{"line":38,"column":12},"end":{"line":48,"column":13}},"7":{"start":{"line":39,"column":16},"end":{"line":42,"column":30}},"8":{"start":{"line":44,"column":16},"end":{"line":47,"column":27}},"9":{"start":{"line":51,"column":8},"end":{"line":53,"column":21}},"10":{"start":{"line":55,"column":8},"end":{"line":57,"column":45}},"11":{"start":{"line":59,"column":8},"end":{"line":59,"column":35}},"12":{"start":{"line":61,"column":4},"end":{"line":325,"column":5}},"13":{"start":{"line":69,"column":8},"end":{"line":121,"column":10},"skip":true},"14":{"start":{"line":70,"column":12},"end":{"line":88,"column":13},"skip":true},"15":{"start":{"line":76,"column":16},"end":{"line":87,"column":19},"skip":true},"16":{"start":{"line":79,"column":20},"end":{"line":86,"column":21},"skip":true},"17":{"start":{"line":82,"column":24},"end":{"line":82,"column":43},"skip":true},"18":{"start":{"line":83,"column":24},"end":{"line":83,"column":30},"skip":true},"19":{"start":{"line":85,"column":24},"end":{"line":85,"column":49},"skip":true},"20":{"start":{"line":89,"column":12},"end":{"line":107,"column":13},"skip":true},"21":{"start":{"line":92,"column":16},"end":{"line":102,"column":17},"skip":true},"22":{"start":{"line":93,"column":20},"end":{"line":93,"column":86},"skip":true},"23":{"start":{"line":94,"column":20},"end":{"line":95,"column":45},"skip":true},"24":{"start":{"line":96,"column":20},"end":{"line":96,"column":42},"skip":true},"25":{"start":{"line":97,"column":20},"end":{"line":97,"column":48},"skip":true},"26":{"start":{"line":100,"column":20},"end":{"line":100,"column":85},"skip":true},"27":{"start":{"line":101,"column":20},"end":{"line":101,"column":96},"skip":true},"28":{"start":{"line":103,"column":16},"end":{"line":103,"column":22},"skip":true},"29":{"start":{"line":106,"column":16},"end":{"line":106,"column":22},"skip":true},"30":{"start":{"line":108,"column":12},"end":{"line":120,"column":13},"skip":true},"31":{"start":{"line":114,"column":16},"end":{"line":119,"column":17},"skip":true},"32":{"start":{"line":116,"column":20},"end":{"line":116,"column":78},"skip":true},"33":{"start":{"line":118,"column":20},"end":{"line":118,"column":47},"skip":true},"34":{"start":{"line":123,"column":8},"end":{"line":141,"column":11},"skip":true},"35":{"start":{"line":124,"column":12},"end":{"line":124,"column":54},"skip":true},"36":{"start":{"line":125,"column":12},"end":{"line":140,"column":14},"skip":true},"37":{"start":{"line":126,"column":16},"end":{"line":126,"column":28},"skip":true},"38":{"start":{"line":127,"column":16},"end":{"line":127,"column":69},"skip":true},"39":{"start":{"line":128,"column":16},"end":{"line":128,"column":75},"skip":true},"40":{"start":{"line":129,"column":16},"end":{"line":131,"column":17},"skip":true},"41":{"start":{"line":130,"column":20},"end":{"line":130,"column":27},"skip":true},"42":{"start":{"line":133,"column":16},"end":{"line":137,"column":36},"skip":true},"43":{"start":{"line":134,"column":20},"end":{"line":136,"column":55},"skip":true},"44":{"start":{"line":139,"column":16},"end":{"line":139,"column":57},"skip":true},"45":{"start":{"line":143,"column":8},"end":{"line":147,"column":11},"skip":true},"46":{"start":{"line":144,"column":12},"end":{"line":146,"column":15},"skip":true},"47":{"start":{"line":145,"column":16},"end":{"line":145,"column":70},"skip":true},"48":{"start":{"line":149,"column":8},"end":{"line":149,"column":31},"skip":true},"49":{"start":{"line":150,"column":8},"end":{"line":150,"column":14},"skip":true},"50":{"start":{"line":158,"column":8},"end":{"line":158,"column":31},"skip":true},"51":{"start":{"line":160,"column":8},"end":{"line":160,"column":33},"skip":true},"52":{"start":{"line":161,"column":8},"end":{"line":161,"column":37},"skip":true},"53":{"start":{"line":162,"column":8},"end":{"line":162,"column":35},"skip":true},"54":{"start":{"line":164,"column":8},"end":{"line":164,"column":50},"skip":true},"55":{"start":{"line":166,"column":8},"end":{"line":256,"column":2},"skip":true},"56":{"start":{"line":258,"column":8},"end":{"line":286,"column":9},"skip":true},"57":{"start":{"line":259,"column":12},"end":{"line":269,"column":14},"skip":true},"58":{"start":{"line":271,"column":12},"end":{"line":285,"column":19},"skip":true},"59":{"start":{"line":274,"column":20},"end":{"line":274,"column":35},"skip":true},"60":{"start":{"line":275,"column":20},"end":{"line":284,"column":21},"skip":true},"61":{"start":{"line":277,"column":24},"end":{"line":277,"column":64},"skip":true},"62":{"start":{"line":279,"column":24},"end":{"line":279,"column":40},"skip":true},"63":{"start":{"line":281,"column":24},"end":{"line":281,"column":40},"skip":true},"64":{"start":{"line":283,"column":24},"end":{"line":283,"column":39},"skip":true},"65":{"start":{"line":288,"column":8},"end":{"line":290,"column":9},"skip":true},"66":{"start":{"line":289,"column":12},"end":{"line":289,"column":18},"skip":true},"67":{"start":{"line":291,"column":8},"end":{"line":293,"column":54},"skip":true},"68":{"start":{"line":296,"column":8},"end":{"line":301,"column":37},"skip":true},"69":{"start":{"line":303,"column":8},"end":{"line":303,"column":82},"skip":true},"70":{"start":{"line":306,"column":8},"end":{"line":308,"column":9},"skip":true},"71":{"start":{"line":307,"column":12},"end":{"line":307,"column":82},"skip":true},"72":{"start":{"line":310,"column":8},"end":{"line":312,"column":9},"skip":true},"73":{"start":{"line":311,"column":12},"end":{"line":311,"column":18},"skip":true},"74":{"start":{"line":313,"column":8},"end":{"line":313,"column":54},"skip":true},"75":{"start":{"line":314,"column":8},"end":{"line":314,"column":69},"skip":true},"76":{"start":{"line":315,"column":8},"end":{"line":323,"column":36},"skip":true},"77":{"start":{"line":316,"column":12},"end":{"line":316,"column":61},"skip":true},"78":{"start":{"line":317,"column":12},"end":{"line":320,"column":13},"skip":true},"79":{"start":{"line":318,"column":16},"end":{"line":318,"column":75},"skip":true},"80":{"start":{"line":319,"column":16},"end":{"line":319,"column":23},"skip":true},"81":{"start":{"line":321,"column":12},"end":{"line":321,"column":38},"skip":true},"82":{"start":{"line":322,"column":12},"end":{"line":322,"column":27},"skip":true},"83":{"start":{"line":324,"column":8},"end":{"line":324,"column":14},"skip":true}},"branchMap":{"1":{"line":39,"type":"binary-expr","locations":[{"start":{"line":39,"column":23},"end":{"line":39,"column":62}},{"start":{"line":40,"column":20},"end":{"line":40,"column":70}},{"start":{"line":41,"column":20},"end":{"line":41,"column":71}},{"start":{"line":42,"column":20},"end":{"line":42,"column":29}}]},"2":{"line":44,"type":"binary-expr","locations":[{"start":{"line":44,"column":23},"end":{"line":44,"column":37}},{"start":{"line":45,"column":20},"end":{"line":45,"column":61}},{"start":{"line":46,"column":20},"end":{"line":46,"column":70}},{"start":{"line":47,"column":20},"end":{"line":47,"column":26}}]},"3":{"line":51,"type":"cond-expr","locations":[{"start":{"line":52,"column":14},"end":{"line":52,"column":20}},{"start":{"line":53,"column":14},"end":{"line":53,"column":20}}]},"4":{"line":55,"type":"binary-expr","locations":[{"start":{"line":55,"column":16},"end":{"line":55,"column":44}},{"start":{"line":55,"column":49},"end":{"line":57,"column":43}}]},"5":{"line":55,"type":"cond-expr","locations":[{"start":{"line":56,"column":14},"end":{"line":56,"column":61}},{"start":{"line":57,"column":14},"end":{"line":57,"column":43}}]},"6":{"line":61,"type":"switch","locations":[{"start":{"line":68,"column":4},"end":{"line":150,"column":14},"skip":true},{"start":{"line":156,"column":4},"end":{"line":324,"column":14},"skip":true}]},"7":{"line":70,"type":"if","locations":[{"start":{"line":70,"column":12},"end":{"line":70,"column":12},"skip":true},{"start":{"line":70,"column":12},"end":{"line":70,"column":12},"skip":true}]},"8":{"line":70,"type":"binary-expr","locations":[{"start":{"line":70,"column":16},"end":{"line":70,"column":22},"skip":true},{"start":{"line":70,"column":27},"end":{"line":70,"column":32},"skip":true},{"start":{"line":71,"column":20},"end":{"line":71,"column":39},"skip":true},{"start":{"line":72,"column":20},"end":{"line":72,"column":49},"skip":true},{"start":{"line":73,"column":20},"end":{"line":73,"column":58},"skip":true},{"start":{"line":74,"column":20},"end":{"line":74,"column":69},"skip":true}]},"9":{"line":79,"type":"switch","locations":[{"start":{"line":80,"column":20},"end":{"line":80,"column":33},"skip":true},{"start":{"line":81,"column":20},"end":{"line":83,"column":30},"skip":true},{"start":{"line":84,"column":20},"end":{"line":85,"column":49},"skip":true}]},"10":{"line":89,"type":"switch","locations":[{"start":{"line":90,"column":12},"end":{"line":103,"column":22},"skip":true},{"start":{"line":105,"column":12},"end":{"line":106,"column":22},"skip":true}]},"11":{"line":89,"type":"binary-expr","locations":[{"start":{"line":89,"column":20},"end":{"line":89,"column":25},"skip":true},{"start":{"line":89,"column":29},"end":{"line":89,"column":48},"skip":true},{"start":{"line":89,"column":52},"end":{"line":89,"column":74},"skip":true}]},"12":{"line":92,"type":"if","locations":[{"start":{"line":92,"column":16},"end":{"line":92,"column":16},"skip":true},{"start":{"line":92,"column":16},"end":{"line":92,"column":16},"skip":true}]},"13":{"line":108,"type":"if","locations":[{"start":{"line":108,"column":12},"end":{"line":108,"column":12},"skip":true},{"start":{"line":108,"column":12},"end":{"line":108,"column":12},"skip":true}]},"14":{"line":108,"type":"binary-expr","locations":[{"start":{"line":108,"column":16},"end":{"line":108,"column":61},"skip":true},{"start":{"line":108,"column":66},"end":{"line":108,"column":72},"skip":true},{"start":{"line":108,"column":77},"end":{"line":108,"column":82},"skip":true},{"start":{"line":109,"column":20},"end":{"line":109,"column":39},"skip":true},{"start":{"line":110,"column":20},"end":{"line":110,"column":49},"skip":true},{"start":{"line":111,"column":20},"end":{"line":111,"column":58},"skip":true},{"start":{"line":112,"column":20},"end":{"line":112,"column":68},"skip":true}]},"15":{"line":129,"type":"if","locations":[{"start":{"line":129,"column":16},"end":{"line":129,"column":16},"skip":true},{"start":{"line":129,"column":16},"end":{"line":129,"column":16},"skip":true}]},"16":{"line":134,"type":"cond-expr","locations":[{"start":{"line":135,"column":26},"end":{"line":135,"column":29},"skip":true},{"start":{"line":136,"column":26},"end":{"line":136,"column":54},"skip":true}]},"17":{"line":164,"type":"binary-expr","locations":[{"start":{"line":164,"column":27},"end":{"line":164,"column":43},"skip":true},{"start":{"line":164,"column":47},"end":{"line":164,"column":49},"skip":true}]},"18":{"line":258,"type":"if","locations":[{"start":{"line":258,"column":8},"end":{"line":258,"column":8},"skip":true},{"start":{"line":258,"column":8},"end":{"line":258,"column":8},"skip":true}]},"19":{"line":275,"type":"switch","locations":[{"start":{"line":276,"column":20},"end":{"line":277,"column":64},"skip":true},{"start":{"line":278,"column":20},"end":{"line":279,"column":40},"skip":true},{"start":{"line":280,"column":20},"end":{"line":281,"column":40},"skip":true},{"start":{"line":282,"column":20},"end":{"line":283,"column":39},"skip":true}]},"20":{"line":288,"type":"if","locations":[{"start":{"line":288,"column":8},"end":{"line":288,"column":8},"skip":true},{"start":{"line":288,"column":8},"end":{"line":288,"column":8},"skip":true}]},"21":{"line":288,"type":"binary-expr","locations":[{"start":{"line":288,"column":12},"end":{"line":288,"column":40},"skip":true},{"start":{"line":288,"column":44},"end":{"line":288,"column":67},"skip":true}]},"22":{"line":292,"type":"binary-expr","locations":[{"start":{"line":292,"column":12},"end":{"line":292,"column":50},"skip":true},{"start":{"line":293,"column":12},"end":{"line":293,"column":53},"skip":true}]},"23":{"line":297,"type":"binary-expr","locations":[{"start":{"line":297,"column":12},"end":{"line":297,"column":75},"skip":true},{"start":{"line":298,"column":12},"end":{"line":301,"column":36},"skip":true}]},"24":{"line":303,"type":"binary-expr","locations":[{"start":{"line":303,"column":43},"end":{"line":303,"column":75},"skip":true},{"start":{"line":303,"column":79},"end":{"line":303,"column":81},"skip":true}]},"25":{"line":306,"type":"if","locations":[{"start":{"line":306,"column":8},"end":{"line":306,"column":8},"skip":true},{"start":{"line":306,"column":8},"end":{"line":306,"column":8},"skip":true}]},"26":{"line":310,"type":"if","locations":[{"start":{"line":310,"column":8},"end":{"line":310,"column":8},"skip":true},{"start":{"line":310,"column":8},"end":{"line":310,"column":8},"skip":true}]},"27":{"line":313,"type":"binary-expr","locations":[{"start":{"line":313,"column":27},"end":{"line":313,"column":43},"skip":true},{"start":{"line":313,"column":47},"end":{"line":313,"column":53},"skip":true}]},"28":{"line":317,"type":"if","locations":[{"start":{"line":317,"column":12},"end":{"line":317,"column":12},"skip":true},{"start":{"line":317,"column":12},"end":{"line":317,"column":12},"skip":true}]}},"code":["/*","example.js","","quickstart example","","instruction","    1. save this script as example.js","    2. run the shell command:","        $ npm install npmtest-react-virtualized && PORT=8081 node example.js","    3. play with the browser-demo on http://127.0.0.1:8081","*/","","","","/* istanbul instrument in package npmtest_react_virtualized */","/*jslint","    bitwise: true,","    browser: true,","    maxerr: 8,","    maxlen: 96,","    node: true,","    nomen: true,","    regexp: true,","    stupid: true","*/","(function () {","    'use strict';","    var local;","","","","    // run shared js-env code - pre-init","    (function () {","        // init local","        local = {};","        // init modeJs","        local.modeJs = (function () {","            try {","                return typeof navigator.userAgent === 'string' &&","                    typeof document.querySelector('body') === 'object' &&","                    typeof XMLHttpRequest.prototype.open === 'function' &&","                    'browser';","            } catch (errorCaughtBrowser) {","                return module.exports &&","                    typeof process.versions.node === 'string' &&","                    typeof require('http').createServer === 'function' &&","                    'node';","            }","        }());","        // init global","        local.global = local.modeJs === 'browser'","            ? window","            : global;","        // init utility2_rollup","        local = local.global.utility2_rollup || (local.modeJs === 'browser'","            ? local.global.utility2_npmtest_react_virtualized","            : global.utility2_moduleExports);","        // export local","        local.global.local = local;","    }());","    switch (local.modeJs) {","","","","    // post-init","    // run browser js-env code - post-init","    /* istanbul ignore next */","    case 'browser':","        local.testRunBrowser = function (event) {","            if (!event || (event &&","                    event.currentTarget &&","                    event.currentTarget.className &&","                    event.currentTarget.className.includes &&","                    event.currentTarget.className.includes('onreset'))) {","                // reset output","                Array.from(","                    document.querySelectorAll('body > .resettable')","                ).forEach(function (element) {","                    switch (element.tagName) {","                    case 'INPUT':","                    case 'TEXTAREA':","                        element.value = '';","                        break;","                    default:","                        element.textContent = '';","                    }","                });","            }","            switch (event && event.currentTarget && event.currentTarget.id) {","            case 'testRunButton1':","                // show tests","                if (document.querySelector('#testReportDiv1').style.display === 'none') {","                    document.querySelector('#testReportDiv1').style.display = 'block';","                    document.querySelector('#testRunButton1').textContent =","                        'hide internal test';","                    local.modeTest = true;","                    local.testRunDefault(local);","                // hide tests","                } else {","                    document.querySelector('#testReportDiv1').style.display = 'none';","                    document.querySelector('#testRunButton1').textContent = 'run internal test';","                }","                break;","            // custom-case","            default:","                break;","            }","            if (document.querySelector('#inputTextareaEval1') && (!event || (event &&","                    event.currentTarget &&","                    event.currentTarget.className &&","                    event.currentTarget.className.includes &&","                    event.currentTarget.className.includes('oneval')))) {","                // try to eval input-code","                try {","                    /*jslint evil: true*/","                    eval(document.querySelector('#inputTextareaEval1').value);","                } catch (errorCaught) {","                    console.error(errorCaught);","                }","            }","        };","        // log stderr and stdout to #outputTextareaStdout1","        ['error', 'log'].forEach(function (key) {","            console[key + '_original'] = console[key];","            console[key] = function () {","                var element;","                console[key + '_original'].apply(console, arguments);","                element = document.querySelector('#outputTextareaStdout1');","                if (!element) {","                    return;","                }","                // append text to #outputTextareaStdout1","                element.value += Array.from(arguments).map(function (arg) {","                    return typeof arg === 'string'","                        ? arg","                        : JSON.stringify(arg, null, 4);","                }).join(' ') + '\\n';","                // scroll textarea to bottom","                element.scrollTop = element.scrollHeight;","            };","        });","        // init event-handling","        ['change', 'click', 'keyup'].forEach(function (event) {","            Array.from(document.querySelectorAll('.on' + event)).forEach(function (element) {","                element.addEventListener(event, local.testRunBrowser);","            });","        });","        // run tests","        local.testRunBrowser();","        break;","","","","    // run node js-env code - post-init","    /* istanbul ignore next */","    case 'node':","        // export local","        module.exports = local;","        // require modules","        local.fs = require('fs');","        local.http = require('http');","        local.url = require('url');","        // init assets","        local.assetsDict = local.assetsDict || {};","        /* jslint-ignore-begin */","        local.assetsDict['/assets.index.template.html'] = '\\","<!doctype html>\\n\\","<html lang=\"en\">\\n\\","<head>\\n\\","<meta charset=\"UTF-8\">\\n\\","<meta name=\"viewport\" content=\"width=device-width, initial-scale=1\">\\n\\","<title>{{env.npm_package_name}} (v{{env.npm_package_version}})</title>\\n\\","<style>\\n\\","/*csslint\\n\\","    box-sizing: false,\\n\\","    universal-selector: false\\n\\","*/\\n\\","* {\\n\\","    box-sizing: border-box;\\n\\","}\\n\\","body {\\n\\","    background: #dde;\\n\\","    font-family: Arial, Helvetica, sans-serif;\\n\\","    margin: 2rem;\\n\\","}\\n\\","body > * {\\n\\","    margin-bottom: 1rem;\\n\\","}\\n\\",".utility2FooterDiv {\\n\\","    margin-top: 20px;\\n\\","    text-align: center;\\n\\","}\\n\\","</style>\\n\\","<style>\\n\\","/*csslint\\n\\","*/\\n\\","textarea {\\n\\","    font-family: monospace;\\n\\","    height: 10rem;\\n\\","    width: 100%;\\n\\","}\\n\\","textarea[readonly] {\\n\\","    background: #ddd;\\n\\","}\\n\\","</style>\\n\\","</head>\\n\\","<body>\\n\\","<!-- utility2-comment\\n\\","<div id=\"ajaxProgressDiv1\" style=\"background: #d00; height: 2px; left: 0; margin: 0; padding: 0; position: fixed; top: 0; transition: background 0.5s, width 1.5s; width: 25%;\"></div>\\n\\","utility2-comment -->\\n\\","<h1>\\n\\","<!-- utility2-comment\\n\\","    <a\\n\\","        {{#if env.npm_package_homepage}}\\n\\","        href=\"{{env.npm_package_homepage}}\"\\n\\","        {{/if env.npm_package_homepage}}\\n\\","        target=\"_blank\"\\n\\","    >\\n\\","utility2-comment -->\\n\\","        {{env.npm_package_name}} (v{{env.npm_package_version}})\\n\\","<!-- utility2-comment\\n\\","    </a>\\n\\","utility2-comment -->\\n\\","</h1>\\n\\","<h3>{{env.npm_package_description}}</h3>\\n\\","<!-- utility2-comment\\n\\","<h4><a download href=\"assets.app.js\">download standalone app</a></h4>\\n\\","<button class=\"onclick onreset\" id=\"testRunButton1\">run internal test</button><br>\\n\\","<div id=\"testReportDiv1\" style=\"display: none;\"></div>\\n\\","utility2-comment -->\\n\\","\\n\\","\\n\\","\\n\\","<label>stderr and stdout</label>\\n\\","<textarea class=\"resettable\" id=\"outputTextareaStdout1\" readonly></textarea>\\n\\","<!-- utility2-comment\\n\\","{{#if isRollup}}\\n\\","<script src=\"assets.app.js\"></script>\\n\\","{{#unless isRollup}}\\n\\","utility2-comment -->\\n\\","<script src=\"assets.utility2.rollup.js\"></script>\\n\\","<script src=\"jsonp.utility2._stateInit?callback=window.utility2._stateInit\"></script>\\n\\","<script src=\"assets.npmtest_react_virtualized.rollup.js\"></script>\\n\\","<script src=\"assets.example.js\"></script>\\n\\","<script src=\"assets.test.js\"></script>\\n\\","<!-- utility2-comment\\n\\","{{/if isRollup}}\\n\\","utility2-comment -->\\n\\","<div class=\"utility2FooterDiv\">\\n\\","    [ this app was created with\\n\\","    <a href=\"https://github.com/kaizhu256/node-utility2\" target=\"_blank\">utility2</a>\\n\\","    ]\\n\\","</div>\\n\\","</body>\\n\\","</html>\\n\\","';","        /* jslint-ignore-end */","        if (local.templateRender) {","            local.assetsDict['/'] = local.templateRender(","                local.assetsDict['/assets.index.template.html'],","                {","                    env: local.objectSetDefault(local.env, {","                        npm_package_description: 'the greatest app in the world!',","                        npm_package_name: 'my-app',","                        npm_package_nameAlias: 'my_app',","                        npm_package_version: '0.0.1'","                    })","                }","            );","        } else {","            local.assetsDict['/'] = local.assetsDict['/assets.index.template.html']","                .replace((/\\{\\{env\\.(\\w+?)\\}\\}/g), function (match0, match1) {","                    // jslint-hack","                    String(match0);","                    switch (match1) {","                    case 'npm_package_description':","                        return 'the greatest app in the world!';","                    case 'npm_package_name':","                        return 'my-app';","                    case 'npm_package_nameAlias':","                        return 'my_app';","                    case 'npm_package_version':","                        return '0.0.1';","                    }","                });","        }","        // run the cli","        if (local.global.utility2_rollup || module !== require.main) {","            break;","        }","        local.assetsDict['/assets.example.js'] =","            local.assetsDict['/assets.example.js'] ||","            local.fs.readFileSync(__filename, 'utf8');","        // bug-workaround - long $npm_package_buildCustomOrg","        /* jslint-ignore-begin */","        local.assetsDict['/assets.npmtest_react_virtualized.rollup.js'] =","            local.assetsDict['/assets.npmtest_react_virtualized.rollup.js'] ||","            local.fs.readFileSync(","                local.npmtest_react_virtualized.__dirname + '/lib.npmtest_react_virtualized.js',","                'utf8'","            ).replace((/^#!/), '//');","        /* jslint-ignore-end */","        local.assetsDict['/favicon.ico'] = local.assetsDict['/favicon.ico'] || '';","        // if $npm_config_timeout_exit exists,","        // then exit this process after $npm_config_timeout_exit ms","        if (Number(process.env.npm_config_timeout_exit)) {","            setTimeout(process.exit, Number(process.env.npm_config_timeout_exit));","        }","        // start server","        if (local.global.utility2_serverHttp1) {","            break;","        }","        process.env.PORT = process.env.PORT || '8081';","        console.error('server starting on port ' + process.env.PORT);","        local.http.createServer(function (request, response) {","            request.urlParsed = local.url.parse(request.url);","            if (local.assetsDict[request.urlParsed.pathname] !== undefined) {","                response.end(local.assetsDict[request.urlParsed.pathname]);","                return;","            }","            response.statusCode = 404;","            response.end();","        }).listen(process.env.PORT);","        break;","    }","}());",""],"l":{"26":2,"28":2,"33":2,"35":2,"37":2,"38":2,"39":2,"44":1,"51":2,"55":2,"59":2,"61":2,"69":1,"70":2,"76":2,"79":2,"82":2,"83":2,"85":1,"89":2,"92":1,"93":1,"94":1,"96":1,"97":1,"100":1,"101":1,"103":1,"106":1,"108":2,"114":1,"116":1,"118":1,"123":1,"124":2,"125":2,"126":3,"127":3,"128":3,"129":3,"130":1,"133":3,"134":3,"139":3,"143":1,"144":3,"145":1,"149":1,"150":1,"158":1,"160":1,"161":1,"162":1,"164":1,"166":1,"258":1,"259":1,"271":1,"274":6,"275":6,"277":1,"279":2,"281":1,"283":2,"288":1,"289":1,"291":1,"296":1,"303":1,"306":1,"307":1,"310":1,"311":1,"313":1,"314":1,"315":1,"316":1,"317":1,"318":1,"319":1,"321":1,"322":1,"324":1}},"/home/travis/build/npmtest/node-npmtest-react-virtualized/node_modules/react-virtualized/dist/commonjs/index.js":{"path":"/home/travis/build/npmtest/node-npmtest-react-virtualized/node_modules/react-virtualized/dist/commonjs/index.js","s":{"1":1,"2":1,"3":1,"4":2,"5":1,"6":1,"7":2,"8":1,"9":1,"10":2,"11":1,"12":2,"13":1,"14":1,"15":2,"16":1,"17":1,"18":2,"19":1,"20":1,"21":2,"22":1,"23":2,"24":1,"25":2,"26":1,"27":2,"28":1,"29":1,"30":2,"31":1,"32":1,"33":2,"34":1,"35":1,"36":2,"37":1,"38":2,"39":1,"40":1,"41":2,"42":1,"43":1,"44":2,"45":1,"46":1,"47":2,"48":1,"49":2,"50":1,"51":2,"52":1,"53":2,"54":1,"55":2,"56":1,"57":2,"58":1,"59":2,"60":1,"61":2,"62":1,"63":2,"64":1,"65":1,"66":2},"b":{},"f":{"1":2,"2":2,"3":2,"4":2,"5":2,"6":2,"7":2,"8":2,"9":2,"10":2,"11":2,"12":2,"13":2,"14":2,"15":2,"16":2,"17":2,"18":2,"19":2,"20":2,"21":2,"22":2,"23":2,"24":2,"25":2,"26":2},"fnMap":{"1":{"name":"get","line":11,"loc":{"start":{"line":11,"column":7},"end":{"line":11,"column":22}}},"2":{"name":"get","line":20,"loc":{"start":{"line":20,"column":7},"end":{"line":20,"column":22}}},"3":{"name":"get","line":29,"loc":{"start":{"line":29,"column":7},"end":{"line":29,"column":22}}},"4":{"name":"get","line":35,"loc":{"start":{"line":35,"column":7},"end":{"line":35,"column":22}}},"5":{"name":"get","line":44,"loc":{"start":{"line":44,"column":7},"end":{"line":44,"column":22}}},"6":{"name":"get","line":53,"loc":{"start":{"line":53,"column":7},"end":{"line":53,"column":22}}},"7":{"name":"get","line":62,"loc":{"start":{"line":62,"column":7},"end":{"line":62,"column":22}}},"8":{"name":"get","line":68,"loc":{"start":{"line":68,"column":7},"end":{"line":68,"column":22}}},"9":{"name":"get","line":74,"loc":{"start":{"line":74,"column":7},"end":{"line":74,"column":22}}},"10":{"name":"get","line":80,"loc":{"start":{"line":80,"column":7},"end":{"line":80,"column":22}}},"11":{"name":"get","line":89,"loc":{"start":{"line":89,"column":7},"end":{"line":89,"column":22}}},"12":{"name":"get","line":98,"loc":{"start":{"line":98,"column":7},"end":{"line":98,"column":22}}},"13":{"name":"get","line":107,"loc":{"start":{"line":107,"column":7},"end":{"line":107,"column":22}}},"14":{"name":"get","line":113,"loc":{"start":{"line":113,"column":7},"end":{"line":113,"column":22}}},"15":{"name":"get","line":122,"loc":{"start":{"line":122,"column":7},"end":{"line":122,"column":22}}},"16":{"name":"get","line":131,"loc":{"start":{"line":131,"column":7},"end":{"line":131,"column":22}}},"17":{"name":"get","line":140,"loc":{"start":{"line":140,"column":7},"end":{"line":140,"column":22}}},"18":{"name":"get","line":146,"loc":{"start":{"line":146,"column":7},"end":{"line":146,"column":22}}},"19":{"name":"get","line":152,"loc":{"start":{"line":152,"column":7},"end":{"line":152,"column":22}}},"20":{"name":"get","line":158,"loc":{"start":{"line":158,"column":7},"end":{"line":158,"column":22}}},"21":{"name":"get","line":164,"loc":{"start":{"line":164,"column":7},"end":{"line":164,"column":22}}},"22":{"name":"get","line":170,"loc":{"start":{"line":170,"column":7},"end":{"line":170,"column":22}}},"23":{"name":"get","line":176,"loc":{"start":{"line":176,"column":7},"end":{"line":176,"column":22}}},"24":{"name":"get","line":182,"loc":{"start":{"line":182,"column":7},"end":{"line":182,"column":22}}},"25":{"name":"get","line":188,"loc":{"start":{"line":188,"column":7},"end":{"line":188,"column":22}}},"26":{"name":"get","line":197,"loc":{"start":{"line":197,"column":7},"end":{"line":197,"column":22}}}},"statementMap":{"1":{"start":{"line":3,"column":0},"end":{"line":5,"column":3}},"2":{"start":{"line":7,"column":0},"end":{"line":7,"column":52}},"3":{"start":{"line":9,"column":0},"end":{"line":14,"column":3}},"4":{"start":{"line":12,"column":4},"end":{"line":12,"column":44}},"5":{"start":{"line":16,"column":0},"end":{"line":16,"column":40}},"6":{"start":{"line":18,"column":0},"end":{"line":23,"column":3}},"7":{"start":{"line":21,"column":4},"end":{"line":21,"column":32}},"8":{"start":{"line":25,"column":0},"end":{"line":25,"column":46}},"9":{"start":{"line":27,"column":0},"end":{"line":32,"column":3}},"10":{"start":{"line":30,"column":4},"end":{"line":30,"column":38}},"11":{"start":{"line":33,"column":0},"end":{"line":38,"column":3}},"12":{"start":{"line":36,"column":4},"end":{"line":36,"column":43}},"13":{"start":{"line":40,"column":0},"end":{"line":40,"column":42}},"14":{"start":{"line":42,"column":0},"end":{"line":47,"column":3}},"15":{"start":{"line":45,"column":4},"end":{"line":45,"column":34}},"16":{"start":{"line":49,"column":0},"end":{"line":49,"column":44}},"17":{"start":{"line":51,"column":0},"end":{"line":56,"column":3}},"18":{"start":{"line":54,"column":4},"end":{"line":54,"column":36}},"19":{"start":{"line":58,"column":0},"end":{"line":58,"column":30}},"20":{"start":{"line":60,"column":0},"end":{"line":65,"column":3}},"21":{"start":{"line":63,"column":4},"end":{"line":63,"column":52}},"22":{"start":{"line":66,"column":0},"end":{"line":71,"column":3}},"23":{"start":{"line":69,"column":4},"end":{"line":69,"column":42}},"24":{"start":{"line":72,"column":0},"end":{"line":77,"column":3}},"25":{"start":{"line":75,"column":4},"end":{"line":75,"column":46}},"26":{"start":{"line":78,"column":0},"end":{"line":83,"column":3}},"27":{"start":{"line":81,"column":4},"end":{"line":81,"column":22}},"28":{"start":{"line":85,"column":0},"end":{"line":85,"column":50}},"29":{"start":{"line":87,"column":0},"end":{"line":92,"column":3}},"30":{"start":{"line":90,"column":4},"end":{"line":90,"column":42}},"31":{"start":{"line":94,"column":0},"end":{"line":94,"column":30}},"32":{"start":{"line":96,"column":0},"end":{"line":101,"column":3}},"33":{"start":{"line":99,"column":4},"end":{"line":99,"column":22}},"34":{"start":{"line":103,"column":0},"end":{"line":103,"column":36}},"35":{"start":{"line":105,"column":0},"end":{"line":110,"column":3}},"36":{"start":{"line":108,"column":4},"end":{"line":108,"column":41}},"37":{"start":{"line":111,"column":0},"end":{"line":116,"column":3}},"38":{"start":{"line":114,"column":4},"end":{"line":114,"column":28}},"39":{"start":{"line":118,"column":0},"end":{"line":118,"column":40}},"40":{"start":{"line":120,"column":0},"end":{"line":125,"column":3}},"41":{"start":{"line":123,"column":4},"end":{"line":123,"column":32}},"42":{"start":{"line":127,"column":0},"end":{"line":127,"column":42}},"43":{"start":{"line":129,"column":0},"end":{"line":134,"column":3}},"44":{"start":{"line":132,"column":4},"end":{"line":132,"column":34}},"45":{"start":{"line":136,"column":0},"end":{"line":136,"column":32}},"46":{"start":{"line":138,"column":0},"end":{"line":143,"column":3}},"47":{"start":{"line":141,"column":4},"end":{"line":141,"column":40}},"48":{"start":{"line":144,"column":0},"end":{"line":149,"column":3}},"49":{"start":{"line":147,"column":4},"end":{"line":147,"column":38}},"50":{"start":{"line":150,"column":0},"end":{"line":155,"column":3}},"51":{"start":{"line":153,"column":4},"end":{"line":153,"column":40}},"52":{"start":{"line":156,"column":0},"end":{"line":161,"column":3}},"53":{"start":{"line":159,"column":4},"end":{"line":159,"column":43}},"54":{"start":{"line":162,"column":0},"end":{"line":167,"column":3}},"55":{"start":{"line":165,"column":4},"end":{"line":165,"column":37}},"56":{"start":{"line":168,"column":0},"end":{"line":173,"column":3}},"57":{"start":{"line":171,"column":4},"end":{"line":171,"column":24}},"58":{"start":{"line":174,"column":0},"end":{"line":179,"column":3}},"59":{"start":{"line":177,"column":4},"end":{"line":177,"column":25}},"60":{"start":{"line":180,"column":0},"end":{"line":185,"column":3}},"61":{"start":{"line":183,"column":4},"end":{"line":183,"column":32}},"62":{"start":{"line":186,"column":0},"end":{"line":191,"column":3}},"63":{"start":{"line":189,"column":4},"end":{"line":189,"column":32}},"64":{"start":{"line":193,"column":0},"end":{"line":193,"column":50}},"65":{"start":{"line":195,"column":0},"end":{"line":200,"column":3}},"66":{"start":{"line":198,"column":4},"end":{"line":198,"column":42}}},"branchMap":{},"code":["'use strict';","","Object.defineProperty(exports, \"__esModule\", {","  value: true","});","","var _ArrowKeyStepper = require('./ArrowKeyStepper');","","Object.defineProperty(exports, 'ArrowKeyStepper', {","  enumerable: true,","  get: function get() {","    return _ArrowKeyStepper.ArrowKeyStepper;","  }","});","","var _AutoSizer = require('./AutoSizer');","","Object.defineProperty(exports, 'AutoSizer', {","  enumerable: true,","  get: function get() {","    return _AutoSizer.AutoSizer;","  }","});","","var _CellMeasurer = require('./CellMeasurer');","","Object.defineProperty(exports, 'CellMeasurer', {","  enumerable: true,","  get: function get() {","    return _CellMeasurer.CellMeasurer;","  }","});","Object.defineProperty(exports, 'CellMeasurerCache', {","  enumerable: true,","  get: function get() {","    return _CellMeasurer.CellMeasurerCache;","  }","});","","var _Collection = require('./Collection');","","Object.defineProperty(exports, 'Collection', {","  enumerable: true,","  get: function get() {","    return _Collection.Collection;","  }","});","","var _ColumnSizer = require('./ColumnSizer');","","Object.defineProperty(exports, 'ColumnSizer', {","  enumerable: true,","  get: function get() {","    return _ColumnSizer.ColumnSizer;","  }","});","","var _Grid = require('./Grid');","","Object.defineProperty(exports, 'accessibilityOverscanIndicesGetter', {","  enumerable: true,","  get: function get() {","    return _Grid.accessibilityOverscanIndicesGetter;","  }","});","Object.defineProperty(exports, 'defaultCellRangeRenderer', {","  enumerable: true,","  get: function get() {","    return _Grid.defaultCellRangeRenderer;","  }","});","Object.defineProperty(exports, 'defaultOverscanIndicesGetter', {","  enumerable: true,","  get: function get() {","    return _Grid.defaultOverscanIndicesGetter;","  }","});","Object.defineProperty(exports, 'Grid', {","  enumerable: true,","  get: function get() {","    return _Grid.Grid;","  }","});","","var _InfiniteLoader = require('./InfiniteLoader');","","Object.defineProperty(exports, 'InfiniteLoader', {","  enumerable: true,","  get: function get() {","    return _InfiniteLoader.InfiniteLoader;","  }","});","","var _List = require('./List');","","Object.defineProperty(exports, 'List', {","  enumerable: true,","  get: function get() {","    return _List.List;","  }","});","","var _Masonry = require('./Masonry');","","Object.defineProperty(exports, 'createMasonryCellPositioner', {","  enumerable: true,","  get: function get() {","    return _Masonry.createCellPositioner;","  }","});","Object.defineProperty(exports, 'Masonry', {","  enumerable: true,","  get: function get() {","    return _Masonry.Masonry;","  }","});","","var _MultiGrid = require('./MultiGrid');","","Object.defineProperty(exports, 'MultiGrid', {","  enumerable: true,","  get: function get() {","    return _MultiGrid.MultiGrid;","  }","});","","var _ScrollSync = require('./ScrollSync');","","Object.defineProperty(exports, 'ScrollSync', {","  enumerable: true,","  get: function get() {","    return _ScrollSync.ScrollSync;","  }","});","","var _Table = require('./Table');","","Object.defineProperty(exports, 'defaultTableCellDataGetter', {","  enumerable: true,","  get: function get() {","    return _Table.defaultCellDataGetter;","  }","});","Object.defineProperty(exports, 'defaultTableCellRenderer', {","  enumerable: true,","  get: function get() {","    return _Table.defaultCellRenderer;","  }","});","Object.defineProperty(exports, 'defaultTableHeaderRenderer', {","  enumerable: true,","  get: function get() {","    return _Table.defaultHeaderRenderer;","  }","});","Object.defineProperty(exports, 'defaultTableHeaderRowRenderer', {","  enumerable: true,","  get: function get() {","    return _Table.defaultHeaderRowRenderer;","  }","});","Object.defineProperty(exports, 'defaultTableRowRenderer', {","  enumerable: true,","  get: function get() {","    return _Table.defaultRowRenderer;","  }","});","Object.defineProperty(exports, 'Table', {","  enumerable: true,","  get: function get() {","    return _Table.Table;","  }","});","Object.defineProperty(exports, 'Column', {","  enumerable: true,","  get: function get() {","    return _Table.Column;","  }","});","Object.defineProperty(exports, 'SortDirection', {","  enumerable: true,","  get: function get() {","    return _Table.SortDirection;","  }","});","Object.defineProperty(exports, 'SortIndicator', {","  enumerable: true,","  get: function get() {","    return _Table.SortIndicator;","  }","});","","var _WindowScroller = require('./WindowScroller');","","Object.defineProperty(exports, 'WindowScroller', {","  enumerable: true,","  get: function get() {","    return _WindowScroller.WindowScroller;","  }","});"],"l":{"3":1,"7":1,"9":1,"12":2,"16":1,"18":1,"21":2,"25":1,"27":1,"30":2,"33":1,"36":2,"40":1,"42":1,"45":2,"49":1,"51":1,"54":2,"58":1,"60":1,"63":2,"66":1,"69":2,"72":1,"75":2,"78":1,"81":2,"85":1,"87":1,"90":2,"94":1,"96":1,"99":2,"103":1,"105":1,"108":2,"111":1,"114":2,"118":1,"120":1,"123":2,"127":1,"129":1,"132":2,"136":1,"138":1,"141":2,"144":1,"147":2,"150":1,"153":2,"156":1,"159":2,"162":1,"165":2,"168":1,"171":2,"174":1,"177":2,"180":1,"183":2,"186":1,"189":2,"193":1,"195":1,"198":2}},"/home/travis/build/npmtest/node-npmtest-react-virtualized/node_modules/react-virtualized/dist/commonjs/ArrowKeyStepper/index.js":{"path":"/home/travis/build/npmtest/node-npmtest-react-virtualized/node_modules/react-virtualized/dist/commonjs/ArrowKeyStepper/index.js","s":{"1":1,"2":1,"3":1,"4":1,"5":1,"6":1,"7":1,"8":1},"b":{"1":[1,0],"2":[1,1]},"f":{"1":1},"fnMap":{"1":{"name":"_interopRequireDefault","line":12,"loc":{"start":{"line":12,"column":0},"end":{"line":12,"column":37}}}},"statementMap":{"1":{"start":{"line":3,"column":0},"end":{"line":5,"column":3}},"2":{"start":{"line":6,"column":0},"end":{"line":6,"column":54}},"3":{"start":{"line":8,"column":0},"end":{"line":8,"column":53}},"4":{"start":{"line":10,"column":0},"end":{"line":10,"column":66}},"5":{"start":{"line":12,"column":0},"end":{"line":12,"column":95}},"6":{"start":{"line":12,"column":39},"end":{"line":12,"column":93}},"7":{"start":{"line":14,"column":0},"end":{"line":14,"column":44}},"8":{"start":{"line":15,"column":0},"end":{"line":15,"column":52}}},"branchMap":{"1":{"line":12,"type":"cond-expr","locations":[{"start":{"line":12,"column":70},"end":{"line":12,"column":73}},{"start":{"line":12,"column":76},"end":{"line":12,"column":92}}]},"2":{"line":12,"type":"binary-expr","locations":[{"start":{"line":12,"column":46},"end":{"line":12,"column":49}},{"start":{"line":12,"column":53},"end":{"line":12,"column":67}}]}},"code":["'use strict';","","Object.defineProperty(exports, \"__esModule\", {","  value: true","});","exports.ArrowKeyStepper = exports.default = undefined;","","var _ArrowKeyStepper2 = require('./ArrowKeyStepper');","","var _ArrowKeyStepper3 = _interopRequireDefault(_ArrowKeyStepper2);","","function _interopRequireDefault(obj) { return obj && obj.__esModule ? obj : { default: obj }; }","","exports.default = _ArrowKeyStepper3.default;","exports.ArrowKeyStepper = _ArrowKeyStepper3.default;"],"l":{"3":1,"6":1,"8":1,"10":1,"12":1,"14":1,"15":1}},"/home/travis/build/npmtest/node-npmtest-react-virtualized/node_modules/react-virtualized/dist/commonjs/ArrowKeyStepper/ArrowKeyStepper.js":{"path":"/home/travis/build/npmtest/node-npmtest-react-virtualized/node_modules/react-virtualized/dist/commonjs/ArrowKeyStepper/ArrowKeyStepper.js","s":{"1":1,"2":1,"3":1,"4":1,"5":5,"6":5,"7":5,"8":5,"9":5,"10":5,"11":1,"12":1,"13":1,"14":1,"15":0,"16":1,"17":1,"18":1,"19":1,"20":1,"21":1,"22":2,"23":1,"24":0,"25":0,"26":1,"27":0,"28":0,"29":0,"30":1,"31":1,"32":0,"33":1,"34":1,"35":1,"36":1,"37":1,"38":1,"39":0,"40":0,"41":0,"42":0,"43":0,"44":0,"45":0,"46":0,"47":0,"48":0,"49":1,"50":0,"51":0,"52":0,"53":0,"54":0,"55":0,"56":0,"57":0,"58":0,"59":0,"60":0,"61":0,"62":0,"63":0,"64":0,"65":0,"66":0,"67":0,"68":0,"69":0,"70":0,"71":0,"72":0,"73":0,"74":0,"75":0,"76":0,"77":0,"78":0,"79":0,"80":0,"81":0,"82":0,"83":0,"84":0,"85":1,"86":1,"87":1,"88":1},"b":{"1":[5,5],"2":[5,0],"3":[1,0],"4":[0,1],"5":[0,2],"6":[2,2],"7":[0,0],"8":[0,0],"9":[0,0],"10":[0,0,0],"11":[0,1],"12":[1,0],"13":[1,1],"14":[1,0],"15":[1,0],"16":[0,0],"17":[0,0],"18":[0,0],"19":[0,0],"20":[0,0],"21":[0,0],"22":[0,0,0,0],"23":[0,0],"24":[0,0],"25":[0,0],"26":[0,0],"27":[0,0],"28":[0,0],"29":[1,0]},"f":{"1":1,"2":1,"3":1,"4":2,"5":0,"6":0,"7":1,"8":1,"9":0,"10":0,"11":0,"12":0,"13":0,"14":0},"fnMap":{"1":{"name":"(anonymous_1)","line":7,"loc":{"start":{"line":7,"column":19},"end":{"line":7,"column":31}}},"2":{"name":"defineProperties","line":7,"loc":{"start":{"line":7,"column":33},"end":{"line":7,"column":74}}},"3":{"name":"(anonymous_3)","line":7,"loc":{"start":{"line":7,"column":357},"end":{"line":7,"column":405}}},"4":{"name":"_interopRequireDefault","line":17,"loc":{"start":{"line":17,"column":0},"end":{"line":17,"column":37}}},"5":{"name":"_classCallCheck","line":19,"loc":{"start":{"line":19,"column":0},"end":{"line":19,"column":48}}},"6":{"name":"_possibleConstructorReturn","line":21,"loc":{"start":{"line":21,"column":0},"end":{"line":21,"column":48}}},"7":{"name":"_inherits","line":23,"loc":{"start":{"line":23,"column":0},"end":{"line":23,"column":41}}},"8":{"name":"(anonymous_8)","line":28,"loc":{"start":{"line":28,"column":22},"end":{"line":28,"column":48}}},"9":{"name":"ArrowKeyStepper","line":31,"loc":{"start":{"line":31,"column":2},"end":{"line":31,"column":43}}},"10":{"name":"componentWillReceiveProps","line":53,"loc":{"start":{"line":53,"column":11},"end":{"line":53,"column":57}}},"11":{"name":"setScrollIndexes","line":74,"loc":{"start":{"line":74,"column":11},"end":{"line":74,"column":43}}},"12":{"name":"render","line":85,"loc":{"start":{"line":85,"column":11},"end":{"line":85,"column":29}}},"13":{"name":"_onKeyDown","line":109,"loc":{"start":{"line":109,"column":11},"end":{"line":109,"column":38}}},"14":{"name":"_onSectionRendered","line":154,"loc":{"start":{"line":154,"column":11},"end":{"line":154,"column":46}}}},"statementMap":{"1":{"start":{"line":3,"column":0},"end":{"line":5,"column":3}},"2":{"start":{"line":7,"column":0},"end":{"line":7,"column":564}},"3":{"start":{"line":7,"column":33},"end":{"line":7,"column":349}},"4":{"start":{"line":7,"column":76},"end":{"line":7,"column":347}},"5":{"start":{"line":7,"column":117},"end":{"line":7,"column":143}},"6":{"start":{"line":7,"column":144},"end":{"line":7,"column":199}},"7":{"start":{"line":7,"column":200},"end":{"line":7,"column":231}},"8":{"start":{"line":7,"column":232},"end":{"line":7,"column":286}},"9":{"start":{"line":7,"column":259},"end":{"line":7,"column":286}},"10":{"start":{"line":7,"column":287},"end":{"line":7,"column":345}},"11":{"start":{"line":7,"column":350},"end":{"line":7,"column":559}},"12":{"start":{"line":7,"column":407},"end":{"line":7,"column":475}},"13":{"start":{"line":7,"column":423},"end":{"line":7,"column":475}},"14":{"start":{"line":7,"column":476},"end":{"line":7,"column":536}},"15":{"start":{"line":7,"column":493},"end":{"line":7,"column":536}},"16":{"start":{"line":7,"column":537},"end":{"line":7,"column":556}},"17":{"start":{"line":9,"column":0},"end":{"line":9,"column":39}},"18":{"start":{"line":11,"column":0},"end":{"line":11,"column":53}},"19":{"start":{"line":13,"column":0},"end":{"line":13,"column":30}},"20":{"start":{"line":15,"column":0},"end":{"line":15,"column":45}},"21":{"start":{"line":17,"column":0},"end":{"line":17,"column":95}},"22":{"start":{"line":17,"column":39},"end":{"line":17,"column":93}},"23":{"start":{"line":19,"column":0},"end":{"line":19,"column":153}},"24":{"start":{"line":19,"column":50},"end":{"line":19,"column":151}},"25":{"start":{"line":19,"column":92},"end":{"line":19,"column":149}},"26":{"start":{"line":21,"column":0},"end":{"line":21,"column":240}},"27":{"start":{"line":21,"column":50},"end":{"line":21,"column":151}},"28":{"start":{"line":21,"column":63},"end":{"line":21,"column":149}},"29":{"start":{"line":21,"column":152},"end":{"line":21,"column":238}},"30":{"start":{"line":23,"column":0},"end":{"line":23,"column":494}},"31":{"start":{"line":23,"column":43},"end":{"line":23,"column":208}},"32":{"start":{"line":23,"column":106},"end":{"line":23,"column":206}},"33":{"start":{"line":23,"column":209},"end":{"line":23,"column":373}},"34":{"start":{"line":23,"column":374},"end":{"line":23,"column":492}},"35":{"start":{"line":23,"column":390},"end":{"line":23,"column":492}},"36":{"start":{"line":28,"column":0},"end":{"line":168,"column":24}},"37":{"start":{"line":29,"column":2},"end":{"line":29,"column":45}},"38":{"start":{"line":31,"column":2},"end":{"line":49,"column":3}},"39":{"start":{"line":32,"column":4},"end":{"line":32,"column":43}},"40":{"start":{"line":34,"column":4},"end":{"line":34,"column":147}},"41":{"start":{"line":36,"column":4},"end":{"line":39,"column":6}},"42":{"start":{"line":41,"column":4},"end":{"line":41,"column":32}},"43":{"start":{"line":42,"column":4},"end":{"line":42,"column":31}},"44":{"start":{"line":43,"column":4},"end":{"line":43,"column":29}},"45":{"start":{"line":44,"column":4},"end":{"line":44,"column":28}},"46":{"start":{"line":46,"column":4},"end":{"line":46,"column":52}},"47":{"start":{"line":47,"column":4},"end":{"line":47,"column":68}},"48":{"start":{"line":48,"column":4},"end":{"line":48,"column":17}},"49":{"start":{"line":51,"column":2},"end":{"line":165,"column":6}},"50":{"start":{"line":54,"column":6},"end":{"line":55,"column":46}},"51":{"start":{"line":56,"column":6},"end":{"line":58,"column":47}},"52":{"start":{"line":61,"column":6},"end":{"line":70,"column":7}},"53":{"start":{"line":62,"column":8},"end":{"line":65,"column":11}},"54":{"start":{"line":66,"column":13},"end":{"line":70,"column":7}},"55":{"start":{"line":67,"column":8},"end":{"line":67,"column":58}},"56":{"start":{"line":68,"column":13},"end":{"line":70,"column":7}},"57":{"start":{"line":69,"column":8},"end":{"line":69,"column":52}},"58":{"start":{"line":75,"column":6},"end":{"line":76,"column":41}},"59":{"start":{"line":78,"column":6},"end":{"line":81,"column":9}},"60":{"start":{"line":86,"column":6},"end":{"line":88,"column":38}},"61":{"start":{"line":89,"column":6},"end":{"line":91,"column":43}},"62":{"start":{"line":94,"column":6},"end":{"line":105,"column":8}},"63":{"start":{"line":110,"column":6},"end":{"line":114,"column":38}},"64":{"start":{"line":117,"column":6},"end":{"line":119,"column":7}},"65":{"start":{"line":118,"column":8},"end":{"line":118,"column":15}},"66":{"start":{"line":121,"column":6},"end":{"line":123,"column":52}},"67":{"start":{"line":124,"column":6},"end":{"line":126,"column":44}},"68":{"start":{"line":131,"column":6},"end":{"line":144,"column":7}},"69":{"start":{"line":133,"column":10},"end":{"line":133,"column":132}},"70":{"start":{"line":134,"column":10},"end":{"line":134,"column":16}},"71":{"start":{"line":136,"column":10},"end":{"line":136,"column":120}},"72":{"start":{"line":137,"column":10},"end":{"line":137,"column":16}},"73":{"start":{"line":139,"column":10},"end":{"line":139,"column":147}},"74":{"start":{"line":140,"column":10},"end":{"line":140,"column":16}},"75":{"start":{"line":142,"column":10},"end":{"line":142,"column":111}},"76":{"start":{"line":143,"column":10},"end":{"line":143,"column":16}},"77":{"start":{"line":146,"column":6},"end":{"line":150,"column":7}},"78":{"start":{"line":147,"column":8},"end":{"line":147,"column":31}},"79":{"start":{"line":149,"column":8},"end":{"line":149,"column":84}},"80":{"start":{"line":155,"column":6},"end":{"line":158,"column":44}},"81":{"start":{"line":160,"column":6},"end":{"line":160,"column":48}},"82":{"start":{"line":161,"column":6},"end":{"line":161,"column":46}},"83":{"start":{"line":162,"column":6},"end":{"line":162,"column":42}},"84":{"start":{"line":163,"column":6},"end":{"line":163,"column":40}},"85":{"start":{"line":167,"column":2},"end":{"line":167,"column":25}},"86":{"start":{"line":170,"column":0},"end":{"line":175,"column":2}},"87":{"start":{"line":176,"column":0},"end":{"line":176,"column":34}},"88":{"start":{"line":177,"column":0},"end":{"line":186,"column":11}}},"branchMap":{"1":{"line":7,"type":"binary-expr","locations":[{"start":{"line":7,"column":168},"end":{"line":7,"column":189}},{"start":{"line":7,"column":193},"end":{"line":7,"column":198}}]},"2":{"line":7,"type":"if","locations":[{"start":{"line":7,"column":232},"end":{"line":7,"column":232}},{"start":{"line":7,"column":232},"end":{"line":7,"column":232}}]},"3":{"line":7,"type":"if","locations":[{"start":{"line":7,"column":407},"end":{"line":7,"column":407}},{"start":{"line":7,"column":407},"end":{"line":7,"column":407}}]},"4":{"line":7,"type":"if","locations":[{"start":{"line":7,"column":476},"end":{"line":7,"column":476}},{"start":{"line":7,"column":476},"end":{"line":7,"column":476}}]},"5":{"line":17,"type":"cond-expr","locations":[{"start":{"line":17,"column":70},"end":{"line":17,"column":73}},{"start":{"line":17,"column":76},"end":{"line":17,"column":92}}]},"6":{"line":17,"type":"binary-expr","locations":[{"start":{"line":17,"column":46},"end":{"line":17,"column":49}},{"start":{"line":17,"column":53},"end":{"line":17,"column":67}}]},"7":{"line":19,"type":"if","locations":[{"start":{"line":19,"column":50},"end":{"line":19,"column":50}},{"start":{"line":19,"column":50},"end":{"line":19,"column":50}}]},"8":{"line":21,"type":"if","locations":[{"start":{"line":21,"column":50},"end":{"line":21,"column":50}},{"start":{"line":21,"column":50},"end":{"line":21,"column":50}}]},"9":{"line":21,"type":"cond-expr","locations":[{"start":{"line":21,"column":226},"end":{"line":21,"column":230}},{"start":{"line":21,"column":233},"end":{"line":21,"column":237}}]},"10":{"line":21,"type":"binary-expr","locations":[{"start":{"line":21,"column":159},"end":{"line":21,"column":163}},{"start":{"line":21,"column":168},"end":{"line":21,"column":192}},{"start":{"line":21,"column":196},"end":{"line":21,"column":222}}]},"11":{"line":23,"type":"if","locations":[{"start":{"line":23,"column":43},"end":{"line":23,"column":43}},{"start":{"line":23,"column":43},"end":{"line":23,"column":43}}]},"12":{"line":23,"type":"binary-expr","locations":[{"start":{"line":23,"column":47},"end":{"line":23,"column":79}},{"start":{"line":23,"column":83},"end":{"line":23,"column":102}}]},"13":{"line":23,"type":"binary-expr","locations":[{"start":{"line":23,"column":244},"end":{"line":23,"column":254}},{"start":{"line":23,"column":258},"end":{"line":23,"column":278}}]},"14":{"line":23,"type":"if","locations":[{"start":{"line":23,"column":374},"end":{"line":23,"column":374}},{"start":{"line":23,"column":374},"end":{"line":23,"column":374}}]},"15":{"line":23,"type":"cond-expr","locations":[{"start":{"line":23,"column":414},"end":{"line":23,"column":457}},{"start":{"line":23,"column":460},"end":{"line":23,"column":491}}]},"16":{"line":34,"type":"binary-expr","locations":[{"start":{"line":34,"column":50},"end":{"line":34,"column":75}},{"start":{"line":34,"column":79},"end":{"line":34,"column":117}}]},"17":{"line":61,"type":"if","locations":[{"start":{"line":61,"column":6},"end":{"line":61,"column":6}},{"start":{"line":61,"column":6},"end":{"line":61,"column":6}}]},"18":{"line":61,"type":"binary-expr","locations":[{"start":{"line":61,"column":10},"end":{"line":61,"column":47}},{"start":{"line":61,"column":51},"end":{"line":61,"column":82}}]},"19":{"line":66,"type":"if","locations":[{"start":{"line":66,"column":13},"end":{"line":66,"column":13}},{"start":{"line":66,"column":13},"end":{"line":66,"column":13}}]},"20":{"line":68,"type":"if","locations":[{"start":{"line":68,"column":13},"end":{"line":68,"column":13}},{"start":{"line":68,"column":13},"end":{"line":68,"column":13}}]},"21":{"line":117,"type":"if","locations":[{"start":{"line":117,"column":6},"end":{"line":117,"column":6}},{"start":{"line":117,"column":6},"end":{"line":117,"column":6}}]},"22":{"line":131,"type":"switch","locations":[{"start":{"line":132,"column":8},"end":{"line":134,"column":16}},{"start":{"line":135,"column":8},"end":{"line":137,"column":16}},{"start":{"line":138,"column":8},"end":{"line":140,"column":16}},{"start":{"line":141,"column":8},"end":{"line":143,"column":16}}]},"23":{"line":133,"type":"cond-expr","locations":[{"start":{"line":133,"column":43},"end":{"line":133,"column":82}},{"start":{"line":133,"column":85},"end":{"line":133,"column":131}}]},"24":{"line":136,"type":"cond-expr","locations":[{"start":{"line":136,"column":46},"end":{"line":136,"column":77}},{"start":{"line":136,"column":80},"end":{"line":136,"column":119}}]},"25":{"line":139,"type":"cond-expr","locations":[{"start":{"line":139,"column":46},"end":{"line":139,"column":91}},{"start":{"line":139,"column":94},"end":{"line":139,"column":146}}]},"26":{"line":142,"type":"cond-expr","locations":[{"start":{"line":142,"column":43},"end":{"line":142,"column":71}},{"start":{"line":142,"column":74},"end":{"line":142,"column":110}}]},"27":{"line":146,"type":"if","locations":[{"start":{"line":146,"column":6},"end":{"line":146,"column":6}},{"start":{"line":146,"column":6},"end":{"line":146,"column":6}}]},"28":{"line":146,"type":"binary-expr","locations":[{"start":{"line":146,"column":10},"end":{"line":146,"column":51}},{"start":{"line":146,"column":55},"end":{"line":146,"column":90}}]},"29":{"line":177,"type":"cond-expr","locations":[{"start":{"line":177,"column":40},"end":{"line":186,"column":1}},{"start":{"line":186,"column":4},"end":{"line":186,"column":10}}]}},"code":["'use strict';","","Object.defineProperty(exports, \"__esModule\", {","  value: true","});","","var _createClass = function () { function defineProperties(target, props) { for (var i = 0; i < props.length; i++) { va
[...]
76,"column":9}},"85":{"start":{"line":181,"column":6},"end":{"line":181,"column":48}},"86":{"start":{"line":185,"column":2},"end":{"line":185,"column":24}},"87":{"start":{"line":188,"column":0},"end":{"line":191,"column":2}},"88":{"start":{"line":192,"column":0},"end":{"line":192,"column":33}},"89":{"start":{"line":193,"column":0},"end":{"line":209,"column":11}}},"branchMap":{"1":{"line":7,"type":"binary-expr","locations":[{"start":{"line":7,"column":168},"end":{"line":7,"column":189}},{"start":{"line":7,"column":193},"end":{"line":7,"column":198}}]},"2":{"line":7,"type":"if","locations":[{"start":{"line":7,"column":232},"end":{"line":7,"column":232}},{"start":{"line":7,"column":232},"end":{"line":7,"column":232}}]},"3":{"line":7,"type":"if","locations":[{"start":{"line":7,"column":407},"end":{"line":7,"column":407}},{"start":{"line":7,"column":407},"end":{"line":7,"column":407}}]},"4":{"line":7,"type":"if","locations":[{"start":{"line":7,"column":476},"end":{"line":7,"column":476}},{"start":{"line":7,"column":476},"end":{"line":7,"column":476}}]},"5":{"line":23,"type":"cond-expr","locations":[{"start":{"line":23,"column":70},"end":{"line":23,"column":73}},{"start":{"line":23,"column":76},"end":{"line":23,"column":92}}]},"6":{"line":23,"type":"binary-expr","locations":[{"start":{"line":23,"column":46},"end":{"line":23,"column":49}},{"start":{"line":23,"column":53},"end":{"line":23,"column":67}}]},"7":{"line":25,"type":"if","locations":[{"start":{"line":25,"column":50},"end":{"line":25,"column":50}},{"start":{"line":25,"column":50},"end":{"line":25,"column":50}}]},"8":{"line":27,"type":"if","locations":[{"start":{"line":27,"column":50},"end":{"line":27,"column":50}},{"start":{"line":27,"column":50},"end":{"line":27,"column":50}}]},"9":{"line":27,"type":"cond-expr","locations":[{"start":{"line":27,"column":226},"end":{"line":27,"column":230}},{"start":{"line":27,"column":233},"end":{"line":27,"column":237}}]},"10":{"line":27,"type":"binary-expr","locations":[{"start":{"line":27,"column":159},"end":{"line":27,"column":163}},{"start":{"line":27,"column":168},"end":{"line":27,"column":192}},{"start":{"line":27,"column":196},"end":{"line":27,"column":222}}]},"11":{"line":29,"type":"if","locations":[{"start":{"line":29,"column":43},"end":{"line":29,"column":43}},{"start":{"line":29,"column":43},"end":{"line":29,"column":43}}]},"12":{"line":29,"type":"binary-expr","locations":[{"start":{"line":29,"column":47},"end":{"line":29,"column":79}},{"start":{"line":29,"column":83},"end":{"line":29,"column":102}}]},"13":{"line":29,"type":"binary-expr","locations":[{"start":{"line":29,"column":244},"end":{"line":29,"column":254}},{"start":{"line":29,"column":258},"end":{"line":29,"column":278}}]},"14":{"line":29,"type":"if","locations":[{"start":{"line":29,"column":374},"end":{"line":29,"column":374}},{"start":{"line":29,"column":374},"end":{"line":29,"column":374}}]},"15":{"line":29,"type":"cond-expr","locations":[{"start":{"line":29,"column":414},"end":{"line":29,"column":457}},{"start":{"line":29,"column":460},"end":{"line":29,"column":491}}]},"16":{"line":38,"type":"binary-expr","locations":[{"start":{"line":38,"column":50},"end":{"line":38,"column":74}},{"start":{"line":38,"column":78},"end":{"line":38,"column":115}}]},"17":{"line":40,"type":"cond-expr","locations":[{"start":{"line":40,"column":47},"end":{"line":40,"column":108}},{"start":{"line":40,"column":111},"end":{"line":40,"column":134}}]},"18":{"line":40,"type":"binary-expr","locations":[{"start":{"line":40,"column":78},"end":{"line":40,"column":97}},{"start":{"line":40,"column":101},"end":{"line":40,"column":107}}]},"19":{"line":70,"type":"binary-expr","locations":[{"start":{"line":70,"column":22},"end":{"line":70,"column":35}},{"start":{"line":70,"column":39},"end":{"line":70,"column":63}},{"start":{"line":70,"column":67},"end":{"line":70,"column":73}}]},"20":{"line":76,"type":"if","locations":[{"start":{"line":76,"column":6},"end":{"line":76,"column":6}},{"start":{"line":76,"column":6},"end":{"line":76,"column":6}}]},"21":{"line":76,"type":"binary-expr","locations":[{"start":{"line":76,"column":10},"end":{"line":76,"column":38}},{"start":{"line":76,"column":42},"end":{"line":76,"column":68}}]},"22":{"line":90,"type":"binary-expr","locations":[{"start":{"line":90,"column":26},"end":{"line":90,"column":50}},{"start":{"line":90,"column":54},"end":{"line":90,"column":60}}]},"23":{"line":101,"type":"binary-expr","locations":[{"start":{"line":101,"column":26},"end":{"line":101,"column":50}},{"start":{"line":101,"column":54},"end":{"line":101,"column":60}}]},"24":{"line":102,"type":"binary-expr","locations":[{"start":{"line":102,"column":30},"end":{"line":102,"column":53}},{"start":{"line":102,"column":57},"end":{"line":102,"column":63}}]},"25":{"line":104,"type":"if","locations":[{"start":{"line":104,"column":6},"end":{"line":104,"column":6}},{"start":{"line":104,"column":6},"end":{"line":104,"column":6}}]},"26":{"line":114,"type":"binary-expr","locations":[{"start":{"line":114,"column":52},"end":{"line":114,"column":76}},{"start":{"line":114,"column":80},"end":{"line":114,"column":86}}]},"27":{"line":152,"type":"binary-expr","locations":[{"start":{"line":152,"column":26},"end":{"line":152,"column":50}},{"start":{"line":152,"column":54},"end":{"line":152,"column":60}}]},"28":{"line":181,"type":"binary-expr","locations":[{"start":{"line":181,"column":13},"end":{"line":181,"column":37}},{"start":{"line":181,"column":41},"end":{"line":181,"column":47}}]},"29":{"line":193,"type":"cond-expr","locations":[{"start":{"line":193,"column":40},"end":{"line":209,"column":1}},{"start":{"line":209,"column":4},"end":{"line":209,"column":10}}]}},"code":["'use strict';","","Object.defineProperty(exports, \"__esModule\", {","  value: true","});","","var _createClass = function () { function defineProperties(target, props) { for (var i = 0; i < props.length; i++) { var descriptor = props[i]; descriptor.enumerable = descriptor.enumerable || false; descriptor.configurable = true; if (\"value\" in descriptor) descriptor.writable = true; Object.defineProperty(target, descriptor.key, descriptor); } } return function (Constructor, protoProps, staticProps) { if (protoProps) defineProperties(Constructor.prototype, protoProps); if (staticProps) defineProperties(Constructor, staticProps); return Constructor; }; }();","","var _propTypes = require('prop-types');","","var _propTypes2 = _interopRequireDefault(_propTypes);","","var _react = require('react');","","var _reactDom = require('react-dom');","","var _reactDom2 = _interopRequireDefault(_reactDom);","","var _onScroll = require('./utils/onScroll');","","var _dimensions = require('./utils/dimensions');","","function _interopRequireDefault(obj) { return obj && obj.__esModule ? obj : { default: obj }; }","","function _classCallCheck(instance, Constructor) { if (!(instance instanceof Constructor)) { throw new TypeError(\"Cannot call a class as a function\"); } }","","function _possibleConstructorReturn(self, call) { if (!self) { throw new ReferenceError(\"this hasn't been initialised - super() hasn't been called\"); } return call && (typeof call === \"object\" || typeof call === \"function\") ? call : self; }","","function _inherits(subClass, superClass) { if (typeof superClass !== \"function\" && superClass !== null) { throw new TypeError(\"Super expression must either be null or a function, not \" + typeof superClass); } subClass.prototype = Object.create(superClass && superClass.prototype, { constructor: { value: subClass, enumerable: false, writable: true, configurable: true } }); if (superClass) Object.setPrototypeOf ? Object.setPrototypeOf(subClass, superClass) : subClass.__proto__ = superClass; }","","var WindowScroller = function (_PureComponent) {","  _inherits(WindowScroller, _PureComponent);","","  function WindowScroller(props) {","    _classCallCheck(this, WindowScroller);","","    // Handle server-side rendering case","    var _this = _possibleConstructorReturn(this, (WindowScroller.__proto__ || Object.getPrototypeOf(WindowScroller)).call(this, props));","","    var _ref = typeof window !== 'undefined' ? (0, _dimensions.getDimensions)(props.scrollElement || window) : { width: 0, height: 0 },","        width = _ref.width,","        height = _ref.height;","","    _this.state = {","      height: height,","      width: width,","      isScrolling: false,","      scrollLeft: 0,","      scrollTop: 0","    };","","    _this._onResize = _this._onResize.bind(_this);","    _this.__handleWindowScrollEvent = _this.__handleWindowScrollEvent.bind(_this);","    _this.__resetIsScrolling = _this.__resetIsScrolling.bind(_this);","    return _this;","  }","","  // Can’t use defaultProps for scrollElement without breaking server-side rendering","","","  _createClass(WindowScroller, [{","    key: 'updatePosition',","    value: function updatePosition(scrollElement) {","      var onResize = this.props.onResize;","      var _state = this.state,","          height = _state.height,","          width = _state.width;","","","      scrollElement = scrollElement || this.props.scrollElement || window;","      var offset = (0, _dimensions.getPositionOffset)(_reactDom2.default.findDOMNode(this), scrollElement);","      this._positionFromTop = offset.top;","      this._positionFromLeft = offset.left;","","      var dimensions = (0, _dimensions.getDimensions)(scrollElement);","      if (height !== dimensions.height || width !== dimensions.width) {","        this.setState({","          height: dimensions.height,","          width: dimensions.width","        });","        onResize({","          height: dimensions.height,","          width: dimensions.width","        });","      }","    }","  }, {","    key: 'componentDidMount',","    value: function componentDidMount() {","      var scrollElement = this.props.scrollElement || window;","","      this.updatePosition(scrollElement);","","      (0, _onScroll.registerScrollListener)(this, scrollElement);","","      window.addEventListener('resize', this._onResize, false);","    }","  }, {","    key: 'componentWillReceiveProps',","    value: function componentWillReceiveProps(nextProps) {","      var scrollElement = this.props.scrollElement || window;","      var nextScrollElement = nextProps.scrollElement || window;","","      if (scrollElement !== nextScrollElement) {","        this.updatePosition(nextScrollElement);","","        (0, _onScroll.unregisterScrollListener)(this, scrollElement);","        (0, _onScroll.registerScrollListener)(this, nextScrollElement);","      }","    }","  }, {","    key: 'componentWillUnmount',","    value: function componentWillUnmount() {","      (0, _onScroll.unregisterScrollListener)(this, this.props.scrollElement || window);","","      window.removeEventListener('resize', this._onResize, false);","    }","  }, {","    key: 'render',","    value: function render() {","      var children = this.props.children;","      var _state2 = this.state,","          isScrolling = _state2.isScrolling,","          scrollTop = _state2.scrollTop,","          scrollLeft = _state2.scrollLeft,","          height = _state2.height,","          width = _state2.width;","","","      return children({","        width: width,","        height: height,","        isScrolling: isScrolling,","        scrollLeft: scrollLeft,","        scrollTop: scrollTop","      });","    }","  }, {","    key: '_onResize',","    value: function _onResize(event) {","      this.updatePosition();","    }","","    // Referenced by utils/onScroll","","  }, {","    key: '__handleWindowScrollEvent',","    value: function __handleWindowScrollEvent(event) {","      var onScroll = this.props.onScroll;","","","      var scrollElement = this.props.scrollElement || window;","      var scrollOffset = (0, _dimensions.getScrollOffset)(scrollElement);","      var scrollLeft = Math.max(0, scrollOffset.left - this._positionFromLeft);","      var scrollTop = Math.max(0, scrollOffset.top - this._positionFromTop);","","      this.setState({","        isScrolling: true,","        scrollLeft: scrollLeft,","        scrollTop: scrollTop","      });","","      onScroll({","        scrollLeft: scrollLeft,","        scrollTop: scrollTop","      });","    }","","    // Referenced by utils/onScroll","","  }, {","    key: '__resetIsScrolling',","    value: function __resetIsScrolling() {","      this.setState({","        isScrolling: false","      });","    }","  }, {","    key: 'scrollElement',","    get: function get() {","      return this.props.scrollElement || window;","    }","  }]);","","  return WindowScroller;","}(_react.PureComponent);","","WindowScroller.defaultProps = {","  onResize: function onResize() {},","  onScroll: function onScroll() {}","};","exports.default = WindowScroller;","process.env.NODE_ENV !== \"production\" ? WindowScroller.propTypes = {","  /**","   * Function responsible for rendering children.","   * This function should implement the following signature:","   * ({ height, isScrolling, scrollLeft, scrollTop, width }) => PropTypes.element","   */","  children: _propTypes2.default.func.isRequired,","","  /** Callback to be invoked on-resize: ({ height, width }) */","  onResize: _propTypes2.default.func.isRequired,","","  /** Callback to be invoked on-scroll: ({ scrollLeft, scrollTop }) */","  onScroll: _propTypes2.default.func.isRequired,","","  /** Element to attach scroll event listeners. Defaults to window. */","  scrollElement: _propTypes2.default.any","} : void 0;"],"l":{"3":1,"7":9,"9":1,"11":1,"13":1,"15":1,"17":1,"19":1,"21":1,"23":2,"25":1,"27":1,"29":1,"31":1,"32":1,"34":1,"35":0,"38":0,"40":0,"44":0,"52":0,"53":0,"54":0,"55":0,"61":1,"64":0,"65":0,"70":0,"71":0,"72":0,"73":0,"75":0,"76":0,"77":0,"81":0,"90":0,"92":0,"94":0,"96":0,"101":0,"102":0,"104":0,"105":0,"107":0,"108":0,"114":0,"116":0,"121":0,"122":0,"130":0,"141":0,"149":0,"152":0,"153":0,"154":0,"155":0,"157":0,"163":0,"174":0,"181":0,"185":1,"188":1,"192":1,"193":1}},"/home/travis/build/npmtest/node-npmtest-react-virtualized/node_modules/react-virtualized/dist/commonjs/WindowScroller/utils/dimensions.js":{"path":"/home/travis/build/npmtest/node-npmtest-react-virtualized/node_modules/react-virtualized/dist/commonjs/WindowScroller/utils/dimensions.js","s":{"1":1,"2":1,"3":1,"4":1,"5":1,"6":0,"7":0,"8":0,"9":0,"10":1,"11":0,"12":0,"13":0,"14":0,"15":0,"16":1,"17":0,"18":0,"19":0},"b":{"1":[0,0],"2":[0,0],"3":[0,0],"4":[0,0],"5":[0,0],"6":[0,0],"7":[0,0],"8":[0,0]},"f":{"1":0,"2":0,"3":0},"fnMap":{"1":{"name":"getDimensions","line":14,"loc":{"start":{"line":14,"column":0},"end":{"line":14,"column":32}}},"2":{"name":"getPositionOffset","line":35,"loc":{"start":{"line":35,"column":0},"end":{"line":35,"column":47}}},"3":{"name":"getScrollOffset","line":50,"loc":{"start":{"line":50,"column":0},"end":{"line":50,"column":34}}}},"statementMap":{"1":{"start":{"line":3,"column":0},"end":{"line":5,"column":3}},"2":{"start":{"line":6,"column":0},"end":{"line":6,"column":38}},"3":{"start":{"line":7,"column":0},"end":{"line":7,"column":46}},"4":{"start":{"line":8,"column":0},"end":{"line":8,"column":42}},"5":{"start":{"line":14,"column":0},"end":{"line":27,"column":1}},"6":{"start":{"line":15,"column":2},"end":{"line":20,"column":3}},"7":{"start":{"line":16,"column":4},"end":{"line":19,"column":6}},"8":{"start":{"line":22,"column":2},"end":{"line":24,"column":44}},"9":{"start":{"line":26,"column":2},"end":{"line":26,"column":42}},"10":{"start":{"line":35,"column":0},"end":{"line":44,"column":1}},"11":{"start":{"line":36,"column":2},"end":{"line":36,"column":93}},"12":{"start":{"line":37,"column":2},"end":{"line":37,"column":85}},"13":{"start":{"line":38,"column":2},"end":{"line":38,"column":52}},"14":{"start":{"line":39,"column":2},"end":{"line":39,"column":63}},"15":{"start":{"line":40,"column":2},"end":{"line":43,"column":4}},"16":{"start":{"line":50,"column":0},"end":{"line":62,"column":1}},"17":{"start":{"line":51,"column":2},"end":{"line":61,"column":3}},"18":{"start":{"line":52,"column":4},"end":{"line":55,"column":6}},"19":{"start":{"line":57,"column":4},"end":{"line":60,"column":6}}},"branchMap":{"1":{"line":15,"type":"if","locations":[{"start":{"line":15,"column":2},"end":{"line":15,"column":2}},{"start":{"line":15,"column":2},"end":{"line":15,"column":2}}]},"2":{"line":17,"type":"cond-expr","locations":[{"start":{"line":17,"column":55},"end":{"line":17,"column":73}},{"start":{"line":17,"column":76},"end":{"line":17,"column":77}}]},"3":{"line":18,"type":"cond-expr","locations":[{"start":{"line":18,"column":53},"end":{"line":18,"column":70}},{"start":{"line":18,"column":73},"end":{"line":18,"column":74}}]},"4":{"line":36,"type":"cond-expr","locations":[{"start":{"line":36,"column":44},"end":{"line":36,"column":63}},{"start":{"line":36,"column":66},"end":{"line":36,"column":92}}]},"5":{"line":37,"type":"cond-expr","locations":[{"start":{"line":37,"column":48},"end":{"line":37,"column":72}},{"start":{"line":37,"column":75},"end":{"line":37,"column":84}}]},"6":{"line":51,"type":"if","locations":[{"start":{"line":51,"column":2},"end":{"line":51,"column":2}},{"start":{"line":51,"column":2},"end":{"line":51,"column":2}}]},"7":{"line":53,"type":"cond-expr","locations":[{"start":{"line":53,"column":33},"end":{"line":53,"column":47}},{"start":{"line":53,"column":50},"end":{"line":53,"column":84}}]},"8":{"line":54,"type":"cond-expr","locations":[{"start":{"line":54,"column":34},"end":{"line":54,"column":48}},{"start":{"line":54,"column":51},"end":{"line":54,"column":86}}]}},"code":["'use strict';","","Object.defineProperty(exports, \"__esModule\", {","  value: true","});","exports.getDimensions = getDimensions;","exports.getPositionOffset = getPositionOffset;","exports.getScrollOffset = getScrollOffset;","/**"," * Gets the dimensions of the element, accounting for API differences between"," * `window` and other DOM elements."," */","","function getDimensions(element) {","  if (element === window) {","    return {","      height: typeof window.innerHeight === 'number' ? window.innerHeight : 0,","      width: typeof window.innerWidth === 'number' ? window.innerWidth : 0","    };","  }","","  var _element$getBoundingC = element.getBoundingClientRect(),","      width = _element$getBoundingC.width,","      height = _element$getBoundingC.height;","","  return { width: width, height: height };","}","","/**"," * Gets the vertical and horizontal position of an element within its scroll container."," * Elements that have been “scrolled past” return negative values."," * Handles edge-case where a user is navigating back (history) from an already-scrolled page."," * In this case the body’s top or left position will be a negative number and this element’s top or left will be increased (by that amount)."," */","function getPositionOffset(element, container) {","  var scrollOffset = container === window ? { top: 0, left: 0 } : getScrollOffset(container);","  var containerElement = container === window ? document.documentElement : container;","  var elementRect = element.getBoundingClientRect();","  var containerRect = containerElement.getBoundingClientRect();","  return {","    top: elementRect.top + scrollOffset.top - containerRect.top,","    left: elementRect.left + scrollOffset.left - containerRect.left","  };","}","","/**"," * Gets the vertical and horizontal scroll amount of the element, accounting for IE compatibility"," * and API differences between `window` and other DOM elements."," */","function getScrollOffset(element) {","  if (element === window) {","    return {","      top: 'scrollY' in window ? window.scrollY : document.documentElement.scrollTop,","      left: 'scrollX' in window ? window.scrollX : document.documentElement.scrollLeft","    };","  } else {","    return {","      top: element.scrollTop,","      left: element.scrollLeft","    };","  }","}"],"l":{"3":1,"6":1,"7":1,"8":1,"14":1,"15":0,"16":0,"22":0,"26":0,"35":1,"36":0,"37":0,"38":0,"39":0,"40":0,"50":1,"51":0,"52":0,"57":0}}}